New log file opened at Fri Nov 13 14:08:13 SGT 2015 by 2815@RMLakhdeep.local
Sending msg to client play-fork-run-ae687795-4e78-4eca-bdf2-10d0b8ecd304: TaskLogEvent(974,LogMessage(debug,	[NOT REQUIRED] com.h2database#h2;1.4.187!h2.jar))
Sending msg to client play-fork-run-ae687795-4e78-4eca-bdf2-10d0b8ecd304: TaskLogEvent(974,LogMessage(debug,	[NOT REQUIRED] tyrex#tyrex;1.0.1!tyrex.jar))
Sending msg to client play-fork-run-ae687795-4e78-4eca-bdf2-10d0b8ecd304: TaskLogEvent(974,LogMessage(debug,	[NOT REQUIRED] net.sf.ehcache#ehcache-core;2.6.11!ehcache-core.jar))
Sending msg to client play-fork-run-ae687795-4e78-4eca-bdf2-10d0b8ecd304: TaskLogEvent(974,LogMessage(debug,	[NOT REQUIRED] com.typesafe.play#play-ws_2.11;2.4.3!play-ws_2.11.jar))
Sending msg to client play-fork-run-ae687795-4e78-4eca-bdf2-10d0b8ecd304: TaskLogEvent(974,LogMessage(debug,	[NOT REQUIRED] com.ning#async-http-client;1.9.21!async-http-client.jar))
Sending msg to client play-fork-run-ae687795-4e78-4eca-bdf2-10d0b8ecd304: TaskLogEvent(974,LogMessage(debug,	[NOT REQUIRED] oauth.signpost#signpost-core;1.2.1.2!signpost-core.jar(test-jar)))
Sending msg to client play-fork-run-ae687795-4e78-4eca-bdf2-10d0b8ecd304: TaskLogEvent(974,LogMessage(debug,	[NOT REQUIRED] oauth.signpost#signpost-core;1.2.1.2!signpost-core.jar))
Sending msg to client play-fork-run-ae687795-4e78-4eca-bdf2-10d0b8ecd304: TaskLogEvent(974,LogMessage(debug,	[NOT REQUIRED] oauth.signpost#signpost-commonshttp4;1.2.1.2!signpost-commonshttp4.jar))
Sending msg to client play-fork-run-ae687795-4e78-4eca-bdf2-10d0b8ecd304: TaskLogEvent(974,LogMessage(debug,	[NOT REQUIRED] org.apache.httpcomponents#httpcore;4.0.1!httpcore.jar))
Sending msg to client play-fork-run-ae687795-4e78-4eca-bdf2-10d0b8ecd304: TaskLogEvent(974,LogMessage(debug,	[NOT REQUIRED] org.apache.httpcomponents#httpclient;4.0.1!httpclient.jar))
Sending msg to client play-fork-run-ae687795-4e78-4eca-bdf2-10d0b8ecd304: TaskLogEvent(974,LogMessage(debug,	[NOT REQUIRED] commons-logging#commons-logging;1.1.1!commons-logging.jar))
Sending msg to client play-fork-run-ae687795-4e78-4eca-bdf2-10d0b8ecd304: TaskLogEvent(974,LogMessage(debug,	[NOT REQUIRED] org.mongodb#mongo-java-driver;3.0.2!mongo-java-driver.jar))
Sending msg to client play-fork-run-ae687795-4e78-4eca-bdf2-10d0b8ecd304: TaskLogEvent(974,LogMessage(debug,	[NOT REQUIRED] com.thoughtworks.proxytoys#proxytoys;1.0!proxytoys.jar))
Sending msg to client play-fork-run-ae687795-4e78-4eca-bdf2-10d0b8ecd304: TaskLogEvent(974,LogMessage(debug,	[NOT REQUIRED] cglib#cglib-nodep;2.2.2!cglib-nodep.jar))
Sending msg to client play-fork-run-ae687795-4e78-4eca-bdf2-10d0b8ecd304: TaskLogEvent(974,LogMessage(debug,	[NOT REQUIRED] org.hamcrest#hamcrest-core;1.3!hamcrest-core.jar))
Sending msg to client play-fork-run-ae687795-4e78-4eca-bdf2-10d0b8ecd304: TaskLogEvent(974,LogMessage(debug,	[NOT REQUIRED] com.redmart.api.base#api-base;5.2.3!api-base.jar))
Sending msg to client play-fork-run-ae687795-4e78-4eca-bdf2-10d0b8ecd304: TaskLogEvent(974,LogMessage(debug,	[NOT REQUIRED] redis.clients#jedis;2.7.2!jedis.jar))
Sending msg to client play-fork-run-ae687795-4e78-4eca-bdf2-10d0b8ecd304: TaskLogEvent(974,LogMessage(debug,	[NOT REQUIRED] org.apache.commons#commons-pool2;2.3!commons-pool2.jar))
Sending msg to client play-fork-run-ae687795-4e78-4eca-bdf2-10d0b8ecd304: TaskLogEvent(974,LogMessage(debug,	[NOT REQUIRED] biz.paluch.redis#lettuce;3.2.Final!lettuce.jar))
Sending msg to client play-fork-run-ae687795-4e78-4eca-bdf2-10d0b8ecd304: TaskLogEvent(974,LogMessage(debug,	[NOT REQUIRED] com.redmart.jsonhelper#jsonhelper;3.0.0!jsonhelper.jar))
Sending msg to client play-fork-run-ae687795-4e78-4eca-bdf2-10d0b8ecd304: TaskLogEvent(974,LogMessage(debug,	[NOT REQUIRED] com.redmart.micro-service-dto#member-service-dto;2.0.0!member-service-dto.jar))
Sending msg to client play-fork-run-ae687795-4e78-4eca-bdf2-10d0b8ecd304: TaskLogEvent(974,LogMessage(debug,	[NOT REQUIRED] org.jasypt#jasypt;1.9.2!jasypt.jar))
Sending msg to client play-fork-run-ae687795-4e78-4eca-bdf2-10d0b8ecd304: TaskLogEvent(974,LogMessage(debug,	[NOT REQUIRED] io.netty#netty-common;4.0.28.Final!netty-common.jar))
Sending msg to client play-fork-run-ae687795-4e78-4eca-bdf2-10d0b8ecd304: TaskLogEvent(974,LogMessage(debug,	[NOT REQUIRED] io.netty#netty-transport;4.0.28.Final!netty-transport.jar))
Sending msg to client play-fork-run-ae687795-4e78-4eca-bdf2-10d0b8ecd304: TaskLogEvent(974,LogMessage(debug,	[NOT REQUIRED] io.netty#netty-handler;4.0.28.Final!netty-handler.jar))
Sending msg to client play-fork-run-ae687795-4e78-4eca-bdf2-10d0b8ecd304: TaskLogEvent(974,LogMessage(debug,	[NOT REQUIRED] io.netty#netty-buffer;4.0.28.Final!netty-buffer.jar))
Sending msg to client play-fork-run-ae687795-4e78-4eca-bdf2-10d0b8ecd304: TaskLogEvent(974,LogMessage(debug,	[NOT REQUIRED] io.netty#netty-codec;4.0.28.Final!netty-codec.jar))
Sending msg to client play-fork-run-ae687795-4e78-4eca-bdf2-10d0b8ecd304: TaskLogEvent(974,LogMessage(debug,	[NOT REQUIRED] com.redmart.micro-service-dto#base-dto;1.0.0!base-dto.jar))
Sending msg to client play-fork-run-ae687795-4e78-4eca-bdf2-10d0b8ecd304: TaskLogEvent(974,LogMessage(debug,	[NOT REQUIRED] com.redmart.micro-service-dto#realtime-delivery-scheduler-dto;0.0.1!realtime-delivery-scheduler-dto.jar))
Sending msg to client play-fork-run-ae687795-4e78-4eca-bdf2-10d0b8ecd304: TaskLogEvent(974,LogMessage(debug,	[NOT REQUIRED] com.google.code.gson#gson;2.3.1!gson.jar))
Sending msg to client play-fork-run-ae687795-4e78-4eca-bdf2-10d0b8ecd304: TaskLogEvent(974,LogMessage(debug,	[NOT REQUIRED] com.fasterxml.jackson.core#jackson-databind;2.6.1!jackson-databind.jar(bundle)))
Sending msg to client play-fork-run-ae687795-4e78-4eca-bdf2-10d0b8ecd304: TaskLogEvent(974,LogMessage(debug,	[NOT REQUIRED] com.fasterxml.jackson.core#jackson-annotations;2.6.0!jackson-annotations.jar(bundle)))
Sending msg to client play-fork-run-ae687795-4e78-4eca-bdf2-10d0b8ecd304: TaskLogEvent(974,LogMessage(debug,	[NOT REQUIRED] com.fasterxml.jackson.core#jackson-core;2.6.1!jackson-core.jar(bundle)))
Sending msg to client play-fork-run-ae687795-4e78-4eca-bdf2-10d0b8ecd304: TaskLogEvent(974,LogMessage(debug,	[NOT REQUIRED] com.typesafe.play#play-test_2.11;2.4.3!play-test_2.11.jar))
Sending msg to client play-fork-run-ae687795-4e78-4eca-bdf2-10d0b8ecd304: TaskLogEvent(974,LogMessage(debug,	[NOT REQUIRED] junit#junit;4.12!junit.jar))
Sending msg to client play-fork-run-ae687795-4e78-4eca-bdf2-10d0b8ecd304: TaskLogEvent(974,LogMessage(debug,	[NOT REQUIRED] com.novocode#junit-interface;0.11!junit-interface.jar))
Sending msg to client play-fork-run-ae687795-4e78-4eca-bdf2-10d0b8ecd304: TaskLogEvent(974,LogMessage(debug,	[NOT REQUIRED] org.fluentlenium#fluentlenium-core;0.10.3!fluentlenium-core.jar))
Sending msg to client play-fork-run-ae687795-4e78-4eca-bdf2-10d0b8ecd304: TaskLogEvent(974,LogMessage(debug,	[NOT REQUIRED] org.scala-sbt#test-interface;1.0!test-interface.jar))
Sending msg to client play-fork-run-ae687795-4e78-4eca-bdf2-10d0b8ecd304: TaskLogEvent(974,LogMessage(debug,	[NOT REQUIRED] org.seleniumhq.selenium#selenium-java;2.44.0!selenium-java.jar))
Sending msg to client play-fork-run-ae687795-4e78-4eca-bdf2-10d0b8ecd304: TaskLogEvent(974,LogMessage(debug,	[NOT REQUIRED] org.seleniumhq.selenium#selenium-chrome-driver;2.44.0!selenium-chrome-driver.jar))
Sending msg to client play-fork-run-ae687795-4e78-4eca-bdf2-10d0b8ecd304: TaskLogEvent(974,LogMessage(debug,	[NOT REQUIRED] org.seleniumhq.selenium#selenium-htmlunit-driver;2.44.0!selenium-htmlunit-driver.jar))
Sending msg to client play-fork-run-ae687795-4e78-4eca-bdf2-10d0b8ecd304: TaskLogEvent(974,LogMessage(debug,	[NOT REQUIRED] org.seleniumhq.selenium#selenium-firefox-driver;2.44.0!selenium-firefox-driver.jar))
Sending msg to client play-fork-run-ae687795-4e78-4eca-bdf2-10d0b8ecd304: TaskLogEvent(974,LogMessage(debug,	[NOT REQUIRED] org.seleniumhq.selenium#selenium-ie-driver;2.44.0!selenium-ie-driver.jar))
Sending msg to client play-fork-run-ae687795-4e78-4eca-bdf2-10d0b8ecd304: TaskLogEvent(974,LogMessage(debug,	[NOT REQUIRED] org.seleniumhq.selenium#selenium-safari-driver;2.44.0!selenium-safari-driver.jar))
Sending msg to client play-fork-run-ae687795-4e78-4eca-bdf2-10d0b8ecd304: TaskLogEvent(974,LogMessage(debug,	[NOT REQUIRED] org.seleniumhq.selenium#selenium-support;2.44.0!selenium-support.jar))
Sending msg to client play-fork-run-ae687795-4e78-4eca-bdf2-10d0b8ecd304: TaskLogEvent(974,LogMessage(debug,	[NOT REQUIRED] org.webbitserver#webbit;0.4.14!webbit.jar))
Sending msg to client play-fork-run-ae687795-4e78-4eca-bdf2-10d0b8ecd304: TaskLogEvent(974,LogMessage(debug,	[NOT REQUIRED] org.seleniumhq.selenium#selenium-remote-driver;2.44.0!selenium-remote-driver.jar))
Sending msg to client play-fork-run-ae687795-4e78-4eca-bdf2-10d0b8ecd304: TaskLogEvent(974,LogMessage(debug,	[NOT REQUIRED] org.seleniumhq.selenium#selenium-api;2.44.0!selenium-api.jar))
Sending msg to client play-fork-run-ae687795-4e78-4eca-bdf2-10d0b8ecd304: TaskLogEvent(974,LogMessage(debug,	[NOT REQUIRED] org.apache.httpcomponents#httpclient;4.3.4!httpclient.jar))
Sending msg to client play-fork-run-ae687795-4e78-4eca-bdf2-10d0b8ecd304: TaskLogEvent(974,LogMessage(debug,	[NOT REQUIRED] org.apache.commons#commons-exec;1.1!commons-exec.jar))
Sending msg to client play-fork-run-ae687795-4e78-4eca-bdf2-10d0b8ecd304: TaskLogEvent(974,LogMessage(debug,	[NOT REQUIRED] net.java.dev.jna#jna;3.4.0!jna.jar))
Sending msg to client play-fork-run-ae687795-4e78-4eca-bdf2-10d0b8ecd304: TaskLogEvent(974,LogMessage(debug,	[NOT REQUIRED] net.java.dev.jna#platform;3.4.0!platform.jar))
Sending msg to client play-fork-run-ae687795-4e78-4eca-bdf2-10d0b8ecd304: TaskLogEvent(974,LogMessage(debug,	[NOT REQUIRED] org.apache.httpcomponents#httpcore;4.3.2!httpcore.jar))
Sending msg to client play-fork-run-ae687795-4e78-4eca-bdf2-10d0b8ecd304: TaskLogEvent(974,LogMessage(debug,	[NOT REQUIRED] commons-logging#commons-logging;1.1.3!commons-logging.jar))
Sending msg to client play-fork-run-ae687795-4e78-4eca-bdf2-10d0b8ecd304: TaskLogEvent(974,LogMessage(debug,	[NOT REQUIRED] net.sourceforge.htmlunit#htmlunit;2.15!htmlunit.jar))
Sending msg to client play-fork-run-ae687795-4e78-4eca-bdf2-10d0b8ecd304: TaskLogEvent(974,LogMessage(debug,	[NOT REQUIRED] xalan#xalan;2.7.1!xalan.jar))
Sending msg to client play-fork-run-ae687795-4e78-4eca-bdf2-10d0b8ecd304: TaskLogEvent(974,LogMessage(debug,	[NOT REQUIRED] commons-collections#commons-collections;3.2.1!commons-collections.jar))
Sending msg to client play-fork-run-ae687795-4e78-4eca-bdf2-10d0b8ecd304: TaskLogEvent(974,LogMessage(debug,	[NOT REQUIRED] org.apache.httpcomponents#httpmime;4.3.3!httpmime.jar))
Sending msg to client play-fork-run-ae687795-4e78-4eca-bdf2-10d0b8ecd304: TaskLogEvent(974,LogMessage(debug,	[NOT REQUIRED] net.sourceforge.htmlunit#htmlunit-core-js;2.15!htmlunit-core-js.jar))
Sending msg to client play-fork-run-ae687795-4e78-4eca-bdf2-10d0b8ecd304: TaskLogEvent(974,LogMessage(debug,	[NOT REQUIRED] net.sourceforge.nekohtml#nekohtml;1.9.21!nekohtml.jar))
Sending msg to client play-fork-run-ae687795-4e78-4eca-bdf2-10d0b8ecd304: TaskLogEvent(974,LogMessage(debug,	[NOT REQUIRED] net.sourceforge.cssparser#cssparser;0.9.14!cssparser.jar))
Sending msg to client play-fork-run-ae687795-4e78-4eca-bdf2-10d0b8ecd304: TaskLogEvent(974,LogMessage(debug,	[NOT REQUIRED] commons-io#commons-io;2.4!commons-io.jar))
Sending msg to client play-fork-run-ae687795-4e78-4eca-bdf2-10d0b8ecd304: TaskLogEvent(974,LogMessage(debug,	[NOT REQUIRED] org.eclipse.jetty#jetty-websocket;8.1.15.v20140411!jetty-websocket.jar))
Sending msg to client play-fork-run-ae687795-4e78-4eca-bdf2-10d0b8ecd304: TaskLogEvent(974,LogMessage(debug,	[NOT REQUIRED] xalan#serializer;2.7.1!serializer.jar))
Sending msg to client play-fork-run-ae687795-4e78-4eca-bdf2-10d0b8ecd304: TaskLogEvent(974,LogMessage(debug,	[NOT REQUIRED] org.w3c.css#sac;1.3!sac.jar))
Sending msg to client play-fork-run-ae687795-4e78-4eca-bdf2-10d0b8ecd304: TaskLogEvent(974,LogMessage(debug,	[NOT REQUIRED] org.eclipse.jetty#jetty-util;8.1.15.v20140411!jetty-util.jar))
Sending msg to client play-fork-run-ae687795-4e78-4eca-bdf2-10d0b8ecd304: TaskLogEvent(974,LogMessage(debug,	[NOT REQUIRED] org.eclipse.jetty#jetty-io;8.1.15.v20140411!jetty-io.jar))
Sending msg to client play-fork-run-ae687795-4e78-4eca-bdf2-10d0b8ecd304: TaskLogEvent(974,LogMessage(debug,	[NOT REQUIRED] org.eclipse.jetty#jetty-http;8.1.15.v20140411!jetty-http.jar))
Sending msg to client play-fork-run-ae687795-4e78-4eca-bdf2-10d0b8ecd304: TaskLogEvent(974,LogMessage(debug,	[NOT REQUIRED] com.typesafe.play#play-omnidoc_2.11;2.4.3!play-omnidoc_2.11.jar))
Sending msg to client play-fork-run-ae687795-4e78-4eca-bdf2-10d0b8ecd304: TaskLogEvent(974,LogMessage(debug,	[NOT REQUIRED] com.typesafe.play#play-docs_2.11;2.4.3!play-docs_2.11.jar))
Sending msg to client play-fork-run-ae687795-4e78-4eca-bdf2-10d0b8ecd304: TaskLogEvent(974,LogMessage(debug,	[NOT REQUIRED] com.typesafe.play#play-doc_2.11;1.2.2!play-doc_2.11.jar))
Sending msg to client play-fork-run-ae687795-4e78-4eca-bdf2-10d0b8ecd304: TaskLogEvent(974,LogMessage(debug,	[NOT REQUIRED] org.pegdown#pegdown;1.4.0!pegdown.jar))
Sending msg to client play-fork-run-ae687795-4e78-4eca-bdf2-10d0b8ecd304: TaskLogEvent(974,LogMessage(debug,	[NOT REQUIRED] org.parboiled#parboiled-java;1.1.5!parboiled-java.jar(bundle)))
Sending msg to client play-fork-run-ae687795-4e78-4eca-bdf2-10d0b8ecd304: TaskLogEvent(974,LogMessage(debug,	[NOT REQUIRED] org.parboiled#parboiled-core;1.1.5!parboiled-core.jar(bundle)))
Sending msg to client play-fork-run-ae687795-4e78-4eca-bdf2-10d0b8ecd304: TaskLogEvent(974,LogMessage(debug,	[NOT REQUIRED] org.ow2.asm#asm;4.1!asm.jar))
Sending msg to client play-fork-run-ae687795-4e78-4eca-bdf2-10d0b8ecd304: TaskLogEvent(974,LogMessage(debug,	[NOT REQUIRED] org.ow2.asm#asm-tree;4.1!asm-tree.jar))
Sending msg to client play-fork-run-ae687795-4e78-4eca-bdf2-10d0b8ecd304: TaskLogEvent(974,LogMessage(debug,	[NOT REQUIRED] org.ow2.asm#asm-analysis;4.1!asm-analysis.jar))
Sending msg to client play-fork-run-ae687795-4e78-4eca-bdf2-10d0b8ecd304: TaskLogEvent(974,LogMessage(debug,	[NOT REQUIRED] org.ow2.asm#asm-util;4.1!asm-util.jar))
Sending msg to client play-fork-run-ae687795-4e78-4eca-bdf2-10d0b8ecd304: TaskLogEvent(974,LogMessage(debug,	[NOT REQUIRED] org.scala-lang#scala-compiler;2.11.6!scala-compiler.jar))
Sending msg to client play-fork-run-ae687795-4e78-4eca-bdf2-10d0b8ecd304: TaskLogEvent(974,LogMessage(debug,	[NOT REQUIRED] org.scala-lang.modules#scala-xml_2.11;1.0.3!scala-xml_2.11.jar(bundle)))
Sending msg to client play-fork-run-ae687795-4e78-4eca-bdf2-10d0b8ecd304: TaskLogEvent(974,LogMessage(debug,	[NOT REQUIRED] org.scala-lang.modules#scala-parser-combinators_2.11;1.0.3!scala-parser-combinators_2.11.jar(bundle)))
Sending msg to client play-fork-run-ae687795-4e78-4eca-bdf2-10d0b8ecd304: TaskLogEvent(974,LogMessage(debug,	[NOT REQUIRED] jline#jline;2.12.1!jline.jar))
Sending msg to client play-fork-run-ae687795-4e78-4eca-bdf2-10d0b8ecd304: TaskLogEvent(974,LogMessage(debug,	[NOT REQUIRED] com.typesafe.play#fork-run_2.11;2.4.3!fork-run_2.11.jar))
Sending msg to client play-fork-run-ae687795-4e78-4eca-bdf2-10d0b8ecd304: TaskLogEvent(974,LogMessage(debug,	[NOT REQUIRED] com.typesafe.play#fork-run-protocol_2.11;2.4.3!fork-run-protocol_2.11.jar))
Sending msg to client play-fork-run-ae687795-4e78-4eca-bdf2-10d0b8ecd304: TaskLogEvent(974,LogMessage(debug,	[NOT REQUIRED] com.typesafe.sbtrc#actor-client-2-11;0.3.1!actor-client-2-11.jar))
Sending msg to client play-fork-run-ae687795-4e78-4eca-bdf2-10d0b8ecd304: TaskLogEvent(974,LogMessage(debug,	[NOT REQUIRED] net.contentobjects.jnotify#jnotify;0.94-play-1!jnotify.jar))
Sending msg to client play-fork-run-ae687795-4e78-4eca-bdf2-10d0b8ecd304: TaskLogEvent(974,LogMessage(debug,	[NOT REQUIRED] com.typesafe.play#run-support_2.11;2.4.3!run-support_2.11.jar))
Sending msg to client play-fork-run-ae687795-4e78-4eca-bdf2-10d0b8ecd304: TaskLogEvent(974,LogMessage(debug,	[NOT REQUIRED] com.typesafe.sbtrc#client-2-11;0.3.1!client-2-11.jar))
Sending msg to client play-fork-run-ae687795-4e78-4eca-bdf2-10d0b8ecd304: TaskLogEvent(974,LogMessage(debug,	[NOT REQUIRED] org.scala-lang#scala-reflect;2.11.5!scala-reflect.jar))
Sending msg to client play-fork-run-ae687795-4e78-4eca-bdf2-10d0b8ecd304: TaskLogEvent(974,LogMessage(debug,	[NOT REQUIRED] org.scala-sbt#serialization_2.11;0.1.0!serialization_2.11.jar))
Sending msg to client play-fork-run-ae687795-4e78-4eca-bdf2-10d0b8ecd304: TaskLogEvent(974,LogMessage(debug,	[NOT REQUIRED] org.scala-sbt#launcher-interface;0.13.8-M3!launcher-interface.jar))
Sending msg to client play-fork-run-ae687795-4e78-4eca-bdf2-10d0b8ecd304: TaskLogEvent(974,LogMessage(debug,	[NOT REQUIRED] org.scala-sbt#interface;0.13.8-M3!interface.jar))
Sending msg to client play-fork-run-ae687795-4e78-4eca-bdf2-10d0b8ecd304: TaskLogEvent(974,LogMessage(debug,	[NOT REQUIRED] org.scala-sbt#io_2.11;0.13.8-M3!io_2.11.jar))
Sending msg to client play-fork-run-ae687795-4e78-4eca-bdf2-10d0b8ecd304: TaskLogEvent(974,LogMessage(debug,	[NOT REQUIRED] org.scala-sbt#collections_2.11;0.13.8-M3!collections_2.11.jar))
Sending msg to client play-fork-run-ae687795-4e78-4eca-bdf2-10d0b8ecd304: TaskLogEvent(974,LogMessage(debug,	[NOT REQUIRED] org.scala-lang.modules#scala-pickling_2.11;0.10.0!scala-pickling_2.11.jar))
Sending msg to client play-fork-run-ae687795-4e78-4eca-bdf2-10d0b8ecd304: TaskLogEvent(974,LogMessage(debug,	[NOT REQUIRED] org.json4s#json4s-core_2.11;3.2.10!json4s-core_2.11.jar))
Sending msg to client play-fork-run-ae687795-4e78-4eca-bdf2-10d0b8ecd304: TaskLogEvent(974,LogMessage(debug,	[NOT REQUIRED] org.spire-math#jawn-parser_2.11;0.6.0!jawn-parser_2.11.jar))
Sending msg to client play-fork-run-ae687795-4e78-4eca-bdf2-10d0b8ecd304: TaskLogEvent(974,LogMessage(debug,	[NOT REQUIRED] org.spire-math#json4s-support_2.11;0.6.0!json4s-support_2.11.jar))
Sending msg to client play-fork-run-ae687795-4e78-4eca-bdf2-10d0b8ecd304: TaskLogEvent(974,LogMessage(debug,	[NOT REQUIRED] org.scala-lang#scala-compiler;2.11.4!scala-compiler.jar))
Sending msg to client play-fork-run-ae687795-4e78-4eca-bdf2-10d0b8ecd304: TaskLogEvent(974,LogMessage(debug,	[NOT REQUIRED] org.scala-lang.modules#scala-parser-combinators_2.11;1.0.2!scala-parser-combinators_2.11.jar(bundle)))
Sending msg to client play-fork-run-ae687795-4e78-4eca-bdf2-10d0b8ecd304: TaskLogEvent(974,LogMessage(debug,	[NOT REQUIRED] org.scala-lang.modules#scala-xml_2.11;1.0.2!scala-xml_2.11.jar(bundle)))
Sending msg to client play-fork-run-ae687795-4e78-4eca-bdf2-10d0b8ecd304: TaskLogEvent(974,LogMessage(debug,	[NOT REQUIRED] org.json4s#json4s-ast_2.11;3.2.10!json4s-ast_2.11.jar))
Sending msg to client play-fork-run-ae687795-4e78-4eca-bdf2-10d0b8ecd304: TaskLogEvent(974,LogMessage(debug,	[NOT REQUIRED] com.thoughtworks.paranamer#paranamer;2.6!paranamer.jar))
Sending msg to client play-fork-run-ae687795-4e78-4eca-bdf2-10d0b8ecd304: TaskLogEvent(974,LogMessage(debug,	[NOT REQUIRED] org.scala-sbt#control_2.11;0.13.8-M3!control_2.11.jar))
Sending msg to client play-fork-run-ae687795-4e78-4eca-bdf2-10d0b8ecd304: TaskLogEvent(974,LogMessage(debug,	[NOT REQUIRED] com.typesafe.akka#akka-actor_2.11;2.3.8!akka-actor_2.11.jar))
Sending msg to client play-fork-run-ae687795-4e78-4eca-bdf2-10d0b8ecd304: TaskLogEvent(974,LogMessage(debug,	[NOT REQUIRED] com.typesafe.akka#akka-testkit_2.11;2.3.8!akka-testkit_2.11.jar))
Sending msg to client play-fork-run-ae687795-4e78-4eca-bdf2-10d0b8ecd304: TaskLogEvent(974,LogMessage(debug,:: resolution report :: resolve 11982ms :: artifacts dl 266ms))
Sending msg to client play-fork-run-ae687795-4e78-4eca-bdf2-10d0b8ecd304: TaskLogEvent(974,LogMessage(debug,	report for play-java#play-java_2.11;1.0-SNAPSHOT compile produced in /Users/lakhdeep/dashboard-backend/target/resolution-cache/reports/play-java-play-java_2.11-compile.xml))
Sending msg to client play-fork-run-ae687795-4e78-4eca-bdf2-10d0b8ecd304: TaskLogEvent(974,LogMessage(debug,	report for play-java#play-java_2.11;1.0-SNAPSHOT runtime produced in /Users/lakhdeep/dashboard-backend/target/resolution-cache/reports/play-java-play-java_2.11-runtime.xml))
Sending msg to client play-fork-run-ae687795-4e78-4eca-bdf2-10d0b8ecd304: TaskLogEvent(974,LogMessage(debug,	report for play-java#play-java_2.11;1.0-SNAPSHOT test produced in /Users/lakhdeep/dashboard-backend/target/resolution-cache/reports/play-java-play-java_2.11-test.xml))
Sending msg to client play-fork-run-ae687795-4e78-4eca-bdf2-10d0b8ecd304: TaskLogEvent(974,LogMessage(debug,	report for play-java#play-java_2.11;1.0-SNAPSHOT provided produced in /Users/lakhdeep/dashboard-backend/target/resolution-cache/reports/play-java-play-java_2.11-provided.xml))
Sending msg to client play-fork-run-ae687795-4e78-4eca-bdf2-10d0b8ecd304: TaskLogEvent(974,LogMessage(debug,	report for play-java#play-java_2.11;1.0-SNAPSHOT optional produced in /Users/lakhdeep/dashboard-backend/target/resolution-cache/reports/play-java-play-java_2.11-optional.xml))
Sending msg to client play-fork-run-ae687795-4e78-4eca-bdf2-10d0b8ecd304: TaskLogEvent(974,LogMessage(debug,	report for play-java#play-java_2.11;1.0-SNAPSHOT compile-internal produced in /Users/lakhdeep/dashboard-backend/target/resolution-cache/reports/play-java-play-java_2.11-compile-internal.xml))
Sending msg to client play-fork-run-ae687795-4e78-4eca-bdf2-10d0b8ecd304: TaskLogEvent(974,LogMessage(debug,	report for play-java#play-java_2.11;1.0-SNAPSHOT runtime-internal produced in /Users/lakhdeep/dashboard-backend/target/resolution-cache/reports/play-java-play-java_2.11-runtime-internal.xml))
Sending msg to client play-fork-run-ae687795-4e78-4eca-bdf2-10d0b8ecd304: TaskLogEvent(974,LogMessage(debug,	report for play-java#play-java_2.11;1.0-SNAPSHOT test-internal produced in /Users/lakhdeep/dashboard-backend/target/resolution-cache/reports/play-java-play-java_2.11-test-internal.xml))
Sending msg to client play-fork-run-ae687795-4e78-4eca-bdf2-10d0b8ecd304: TaskLogEvent(974,LogMessage(debug,	report for play-java#play-java_2.11;1.0-SNAPSHOT plugin produced in /Users/lakhdeep/dashboard-backend/target/resolution-cache/reports/play-java-play-java_2.11-plugin.xml))
Sending msg to client play-fork-run-ae687795-4e78-4eca-bdf2-10d0b8ecd304: TaskLogEvent(974,LogMessage(debug,	report for play-java#play-java_2.11;1.0-SNAPSHOT sources produced in /Users/lakhdeep/dashboard-backend/target/resolution-cache/reports/play-java-play-java_2.11-sources.xml))
Sending msg to client play-fork-run-ae687795-4e78-4eca-bdf2-10d0b8ecd304: TaskLogEvent(974,LogMessage(debug,	report for play-java#play-java_2.11;1.0-SNAPSHOT docs produced in /Users/lakhdeep/dashboard-backend/target/resolution-cache/reports/play-java-play-java_2.11-docs.xml))
Sending msg to client play-fork-run-ae687795-4e78-4eca-bdf2-10d0b8ecd304: TaskLogEvent(974,LogMessage(debug,	report for play-java#play-java_2.11;1.0-SNAPSHOT pom produced in /Users/lakhdeep/dashboard-backend/target/resolution-cache/reports/play-java-play-java_2.11-pom.xml))
Sending msg to client play-fork-run-ae687795-4e78-4eca-bdf2-10d0b8ecd304: TaskLogEvent(974,LogMessage(debug,	report for play-java#play-java_2.11;1.0-SNAPSHOT scala-tool produced in /Users/lakhdeep/dashboard-backend/target/resolution-cache/reports/play-java-play-java_2.11-scala-tool.xml))
Sending msg to client play-fork-run-ae687795-4e78-4eca-bdf2-10d0b8ecd304: TaskLogEvent(974,LogMessage(debug,	report for play-java#play-java_2.11;1.0-SNAPSHOT fork-run produced in /Users/lakhdeep/dashboard-backend/target/resolution-cache/reports/play-java-play-java_2.11-fork-run.xml))
Sending msg to client play-fork-run-ae687795-4e78-4eca-bdf2-10d0b8ecd304: TaskLogEvent(974,LogMessage(debug,	resolve done (11982ms resolve - 266ms download)))
Sending msg to client play-fork-run-ae687795-4e78-4eca-bdf2-10d0b8ecd304: TaskLogEvent(974,LogMessage(info,Read from stdout: Done updating.))
Sending msg to client play-fork-run-ae687795-4e78-4eca-bdf2-10d0b8ecd304: TaskLogEvent(974,LogMessage(info,Done updating.))
Sending msg to client play-fork-run-ae687795-4e78-4eca-bdf2-10d0b8ecd304: BackgroundJobLogEvent(1,LogMessage(info,Done updating.))
Sending msg to client play-fork-run-ae687795-4e78-4eca-bdf2-10d0b8ecd304: TaskFinished(13,974,Some(AttributeKey[sbt.UpdateReport]("update") in Scope(Build: file:/Users/lakhdeep/dashboard-backend/, , Project: ProjectReference(file:/Users/lakhdeep/dashboard-backend/,root))),true,None)
Sending msg to client play-fork-run-ae687795-4e78-4eca-bdf2-10d0b8ecd304: TaskStarted(13,972,Some(AttributeKey[sbt.UpdateReport]("update") in Scope(Build: file:/Users/lakhdeep/dashboard-backend/, , Project: ProjectReference(file:/Users/lakhdeep/dashboard-backend/,root))))
Sending msg to client play-fork-run-ae687795-4e78-4eca-bdf2-10d0b8ecd304: TaskFinished(13,972,Some(AttributeKey[sbt.UpdateReport]("update") in Scope(Build: file:/Users/lakhdeep/dashboard-backend/, , Project: ProjectReference(file:/Users/lakhdeep/dashboard-backend/,root))),true,None)
Sending msg to client play-fork-run-ae687795-4e78-4eca-bdf2-10d0b8ecd304: TaskStarted(13,1003,Some(AttributeKey[sbt.Configuration]("classpathConfiguration") in Scope(Build: file:/Users/lakhdeep/dashboard-backend/, , Project: ProjectReference(file:/Users/lakhdeep/dashboard-backend/,root), Config: compile)))
Sending msg to client play-fork-run-ae687795-4e78-4eca-bdf2-10d0b8ecd304: TaskStarted(13,1038,Some(AttributeKey[scala.collection.Seq[java.lang.String]]("scalacOptions") in Scope(Build: file:/Users/lakhdeep/dashboard-backend/, , Project: ProjectReference(file:/Users/lakhdeep/dashboard-backend/,root), Config: compile)))
Sending msg to client play-fork-run-ae687795-4e78-4eca-bdf2-10d0b8ecd304: TaskStarted(13,1073,None)
Sending msg to client play-fork-run-ae687795-4e78-4eca-bdf2-10d0b8ecd304: TaskFinished(13,1073,None,true,None)
Sending msg to client play-fork-run-ae687795-4e78-4eca-bdf2-10d0b8ecd304: TaskFinished(13,1025,Some(AttributeKey[sbt.ScalaInstance]("scalaInstance") in Scope(Build: file:/Users/lakhdeep/dashboard-backend/, , Project: ProjectReference(file:/Users/lakhdeep/dashboard-backend/,root))),true,None)
Sending msg to client play-fork-run-ae687795-4e78-4eca-bdf2-10d0b8ecd304: TaskStarted(13,1024,Some(AttributeKey[sbt.Compiler$Compilers]("compilers") in Scope(Global)))
Sending msg to client play-fork-run-ae687795-4e78-4eca-bdf2-10d0b8ecd304: TaskFinished(13,1038,Some(AttributeKey[scala.collection.Seq[java.lang.String]]("scalacOptions") in Scope(Build: file:/Users/lakhdeep/dashboard-backend/, , Project: ProjectReference(file:/Users/lakhdeep/dashboard-backend/,root), Config: compile)),true,None)
Sending msg to client play-fork-run-ae687795-4e78-4eca-bdf2-10d0b8ecd304: TaskFinished(13,1024,Some(AttributeKey[sbt.Compiler$Compilers]("compilers") in Scope(Global)),true,None)
Sending msg to client play-fork-run-ae687795-4e78-4eca-bdf2-10d0b8ecd304: TaskFinished(13,1003,Some(AttributeKey[sbt.Configuration]("classpathConfiguration") in Scope(Build: file:/Users/lakhdeep/dashboard-backend/, , Project: ProjectReference(file:/Users/lakhdeep/dashboard-backend/,root), Config: compile)),true,None)
Sending msg to client play-fork-run-ae687795-4e78-4eca-bdf2-10d0b8ecd304: TaskStarted(13,971,None)
Sending msg to client play-fork-run-ae687795-4e78-4eca-bdf2-10d0b8ecd304: TaskStarted(13,1011,None)
Sending msg to client play-fork-run-ae687795-4e78-4eca-bdf2-10d0b8ecd304: TaskStarted(13,1081,None)
Sending msg to client play-fork-run-ae687795-4e78-4eca-bdf2-10d0b8ecd304: TaskStarted(13,1082,None)
Sending msg to client play-fork-run-ae687795-4e78-4eca-bdf2-10d0b8ecd304: TaskFinished(13,1081,None,true,None)
Sending msg to client play-fork-run-ae687795-4e78-4eca-bdf2-10d0b8ecd304: TaskFinished(13,1082,None,true,None)
Sending msg to client play-fork-run-ae687795-4e78-4eca-bdf2-10d0b8ecd304: TaskStarted(13,1080,None)
Sending msg to client play-fork-run-ae687795-4e78-4eca-bdf2-10d0b8ecd304: TaskFinished(13,1080,None,true,None)
Sending msg to client play-fork-run-ae687795-4e78-4eca-bdf2-10d0b8ecd304: TaskStarted(13,1079,None)
Sending msg to client play-fork-run-ae687795-4e78-4eca-bdf2-10d0b8ecd304: TaskFinished(13,1079,None,true,None)
Sending msg to client play-fork-run-ae687795-4e78-4eca-bdf2-10d0b8ecd304: TaskFinished(13,1011,None,true,None)
Sending msg to client play-fork-run-ae687795-4e78-4eca-bdf2-10d0b8ecd304: TaskStarted(13,1010,Some(AttributeKey[scala.collection.Seq[sbt.Attributed[java.io.File]]]("internalDependencyClasspath") in Scope(Build: file:/Users/lakhdeep/dashboard-backend/, , Project: ProjectReference(file:/Users/lakhdeep/dashboard-backend/,root), Config: compile)))
Sending msg to client play-fork-run-ae687795-4e78-4eca-bdf2-10d0b8ecd304: TaskFinished(13,1010,Some(AttributeKey[scala.collection.Seq[sbt.Attributed[java.io.File]]]("internalDependencyClasspath") in Scope(Build: file:/Users/lakhdeep/dashboard-backend/, , Project: ProjectReference(file:/Users/lakhdeep/dashboard-backend/,root), Config: compile)),true,None)
Sending msg to client play-fork-run-ae687795-4e78-4eca-bdf2-10d0b8ecd304: TaskFinished(13,971,None,true,None)
Sending msg to client play-fork-run-ae687795-4e78-4eca-bdf2-10d0b8ecd304: TaskStarted(13,970,Some(AttributeKey[scala.collection.Seq[sbt.Attributed[java.io.File]]]("managedClasspath") in Scope(Build: file:/Users/lakhdeep/dashboard-backend/, , Project: ProjectReference(file:/Users/lakhdeep/dashboard-backend/,root), Config: compile)))
Sending msg to client play-fork-run-ae687795-4e78-4eca-bdf2-10d0b8ecd304: TaskFinished(13,970,Some(AttributeKey[scala.collection.Seq[sbt.Attributed[java.io.File]]]("managedClasspath") in Scope(Build: file:/Users/lakhdeep/dashboard-backend/, , Project: ProjectReference(file:/Users/lakhdeep/dashboard-backend/,root), Config: compile)),true,None)
Sending msg to client play-fork-run-ae687795-4e78-4eca-bdf2-10d0b8ecd304: TaskStarted(13,969,None)
Sending msg to client play-fork-run-ae687795-4e78-4eca-bdf2-10d0b8ecd304: TaskFinished(13,969,None,true,None)
Sending msg to client play-fork-run-ae687795-4e78-4eca-bdf2-10d0b8ecd304: TaskStarted(13,968,Some(AttributeKey[scala.collection.Seq[sbt.Attributed[java.io.File]]]("externalDependencyClasspath") in Scope(Build: file:/Users/lakhdeep/dashboard-backend/, , Project: ProjectReference(file:/Users/lakhdeep/dashboard-backend/,root), Config: compile)))
Sending msg to client play-fork-run-ae687795-4e78-4eca-bdf2-10d0b8ecd304: TaskFinished(13,968,Some(AttributeKey[scala.collection.Seq[sbt.Attributed[java.io.File]]]("externalDependencyClasspath") in Scope(Build: file:/Users/lakhdeep/dashboard-backend/, , Project: ProjectReference(file:/Users/lakhdeep/dashboard-backend/,root), Config: compile)),true,None)
Sending msg to client play-fork-run-ae687795-4e78-4eca-bdf2-10d0b8ecd304: TaskStarted(13,967,None)
Sending msg to client play-fork-run-ae687795-4e78-4eca-bdf2-10d0b8ecd304: TaskFinished(13,967,None,true,None)
Sending msg to client play-fork-run-ae687795-4e78-4eca-bdf2-10d0b8ecd304: TaskStarted(13,966,Some(AttributeKey[scala.collection.Seq[sbt.Attributed[java.io.File]]]("dependencyClasspath") in Scope(Build: file:/Users/lakhdeep/dashboard-backend/, , Project: ProjectReference(file:/Users/lakhdeep/dashboard-backend/,root), Config: compile)))
Sending msg to client play-fork-run-ae687795-4e78-4eca-bdf2-10d0b8ecd304: TaskFinished(13,966,Some(AttributeKey[scala.collection.Seq[sbt.Attributed[java.io.File]]]("dependencyClasspath") in Scope(Build: file:/Users/lakhdeep/dashboard-backend/, , Project: ProjectReference(file:/Users/lakhdeep/dashboard-backend/,root), Config: compile)),true,None)
Sending msg to client play-fork-run-ae687795-4e78-4eca-bdf2-10d0b8ecd304: TaskStarted(13,956,Some(AttributeKey[sbt.Compiler$IncSetup]("incCompileSetup") in Scope(Build: file:/Users/lakhdeep/dashboard-backend/, , Project: ProjectReference(file:/Users/lakhdeep/dashboard-backend/,root), Config: compile)))
Sending msg to client play-fork-run-ae687795-4e78-4eca-bdf2-10d0b8ecd304: TaskStarted(13,1015,Some(AttributeKey[scala.Function1[sbt.compiler.IC$Result,sbt.compiler.IC$Result]]("playEnhancerGenerateAccessors") in Scope(Build: file:/Users/lakhdeep/dashboard-backend/, , Project: ProjectReference(file:/Users/lakhdeep/dashboard-backend/,root), Config: compile)))
Sending msg to client play-fork-run-ae687795-4e78-4eca-bdf2-10d0b8ecd304: TaskStarted(13,1060,Some(AttributeKey[scala.Function1[sbt.compiler.IC$Result,sbt.compiler.IC$Result]]("playEnhancerRewriteAccessors") in Scope(Build: file:/Users/lakhdeep/dashboard-backend/, , Project: ProjectReference(file:/Users/lakhdeep/dashboard-backend/,root), Config: compile)))
Sending msg to client play-fork-run-ae687795-4e78-4eca-bdf2-10d0b8ecd304: TaskFinished(13,956,Some(AttributeKey[sbt.Compiler$IncSetup]("incCompileSetup") in Scope(Build: file:/Users/lakhdeep/dashboard-backend/, , Project: ProjectReference(file:/Users/lakhdeep/dashboard-backend/,root), Config: compile)),true,None)
Sending msg to client play-fork-run-ae687795-4e78-4eca-bdf2-10d0b8ecd304: TaskStarted(13,1022,Some(AttributeKey[sbt.Compiler$PreviousAnalysis]("readAnalysis") in Scope(Build: file:/Users/lakhdeep/dashboard-backend/, , Project: ProjectReference(file:/Users/lakhdeep/dashboard-backend/,root), Config: compile)))
Sending msg to client play-fork-run-ae687795-4e78-4eca-bdf2-10d0b8ecd304: TaskStarted(13,1023,Some(AttributeKey[sbt.Compiler$Inputs]("compileInputs") in Scope(Build: file:/Users/lakhdeep/dashboard-backend/, , Project: ProjectReference(file:/Users/lakhdeep/dashboard-backend/,root), Config: compile, Task: AttributeKey[sbt.inc.Analysis]("compile"))))
Sending msg to client play-fork-run-ae687795-4e78-4eca-bdf2-10d0b8ecd304: TaskFinished(13,1015,Some(AttributeKey[scala.Function1[sbt.compiler.IC$Result,sbt.compiler.IC$Result]]("playEnhancerGenerateAccessors") in Scope(Build: file:/Users/lakhdeep/dashboard-backend/, , Project: ProjectReference(file:/Users/lakhdeep/dashboard-backend/,root), Config: compile)),true,None)
Sending msg to client play-fork-run-ae687795-4e78-4eca-bdf2-10d0b8ecd304: TaskFinished(13,1060,Some(AttributeKey[scala.Function1[sbt.compiler.IC$Result,sbt.compiler.IC$Result]]("playEnhancerRewriteAccessors") in Scope(Build: file:/Users/lakhdeep/dashboard-backend/, , Project: ProjectReference(file:/Users/lakhdeep/dashboard-backend/,root), Config: compile)),true,None)
Sending msg to client play-fork-run-ae687795-4e78-4eca-bdf2-10d0b8ecd304: TaskFinished(13,1022,Some(AttributeKey[sbt.Compiler$PreviousAnalysis]("readAnalysis") in Scope(Build: file:/Users/lakhdeep/dashboard-backend/, , Project: ProjectReference(file:/Users/lakhdeep/dashboard-backend/,root), Config: compile)),true,None)
Sending msg to client play-fork-run-ae687795-4e78-4eca-bdf2-10d0b8ecd304: TaskFinished(13,1023,Some(AttributeKey[sbt.Compiler$Inputs]("compileInputs") in Scope(Build: file:/Users/lakhdeep/dashboard-backend/, , Project: ProjectReference(file:/Users/lakhdeep/dashboard-backend/,root), Config: compile, Task: AttributeKey[sbt.inc.Analysis]("compile"))),true,None)
Sending msg to client play-fork-run-ae687795-4e78-4eca-bdf2-10d0b8ecd304: TaskStarted(13,1057,Some(AttributeKey[scala.Option[xsbti.Reporter]]("compilerReporter") in Scope(Build: file:/Users/lakhdeep/dashboard-backend/, , Project: ProjectReference(file:/Users/lakhdeep/dashboard-backend/,root), Config: compile, Task: AttributeKey[sbt.inc.Analysis]("compile"))))
Sending msg to client play-fork-run-ae687795-4e78-4eca-bdf2-10d0b8ecd304: TaskFinished(13,1057,Some(AttributeKey[scala.Option[xsbti.Reporter]]("compilerReporter") in Scope(Build: file:/Users/lakhdeep/dashboard-backend/, , Project: ProjectReference(file:/Users/lakhdeep/dashboard-backend/,root), Config: compile, Task: AttributeKey[sbt.inc.Analysis]("compile"))),true,None)
Sending msg to client play-fork-run-ae687795-4e78-4eca-bdf2-10d0b8ecd304: TaskStarted(13,1021,Some(AttributeKey[sbt.compiler.IC$Result]("compileIncremental") in Scope(Build: file:/Users/lakhdeep/dashboard-backend/, , Project: ProjectReference(file:/Users/lakhdeep/dashboard-backend/,root), Config: compile)))
Sending msg to client play-fork-run-ae687795-4e78-4eca-bdf2-10d0b8ecd304: TaskLogEvent(1021,LogMessage(debug,
Initial source changes: 
	removed:Set()
	added: Set()
	modified: Set(/Users/lakhdeep/dashboard-backend/target/scala-2.11/twirl/main/views/html/main.template.scala, /Users/lakhdeep/dashboard-backend/target/scala-2.11/routes/main/controllers/javascript/JavaScriptReverseRoutes.scala, /Users/lakhdeep/dashboard-backend/target/scala-2.11/twirl/main/views/html/index.template.scala, /Users/lakhdeep/dashboard-backend/app/controllers/Application.java, /Users/lakhdeep/dashboard-backend/target/scala-2.11/routes/main/router/Routes.scala, /Users/lakhdeep/dashboard-backend/target/scala-2.11/routes/main/controllers/ReverseRoutes.scala, /Users/lakhdeep/dashboard-backend/target/scala-2.11/routes/main/router/RoutesPrefix.scala, /Users/lakhdeep/dashboard-backend/target/scala-2.11/routes/main/controllers/routes.java)
Removed products: Set(/Users/lakhdeep/dashboard-backend/target/scala-2.11/classes/router/Routes$$anonfun$routes$1$$anonfun$applyOrElse$1$$anonfun$apply$1.class, /Users/lakhdeep/dashboard-backend/target/scala-2.11/classes/router/Routes$$anonfun$routes$1.class, /Users/lakhdeep/dashboard-backend/target/scala-2.11/classes/router/Routes$$anonfun$routes$1$$anonfun$applyOrElse$3.class, /Users/lakhdeep/dashboard-backend/target/scala-2.11/classes/views/html/index.class, /Users/lakhdeep/dashboard-backend/target/scala-2.11/classes/router/Routes$$anonfun$router$Routes$$controllers_Application_getLog2_invoker$1.class, /Users/lakhdeep/dashboard-backend/target/scala-2.11/classes/router/Routes.class, /Users/lakhdeep/dashboard-backend/target/scala-2.11/classes/views/html/main_Scope0$.class, /Users/lakhdeep/dashboard-backend/target/scala-2.11/classes/service/impl/TravisLogServiceImpl.class, /Users/lakhdeep/dashboard-backend/target/scala-2.11/classes/models/TravisLog.class, /Users/lakhdeep/dashboard-backend/target/scala-2.11/classes/controllers/javascript/ReverseApplication.class, /Users/lakhdeep/dashboard-backend/target/scala-2.11/classes/views/html/index_Scope0$index$$anonfun$f$1.class, /Users/lakhdeep/dashboard-backend/target/scala-2.11/classes/views/html/main_Scope0.class, /Users/lakhdeep/dashboard-backend/target/scala-2.11/classes/router/Routes$$anonfun$router$Routes$$controllers_Assets_versioned1_invoker$1.class, /Users/lakhdeep/dashboard-backend/target/scala-2.11/classes/dao/impl/TravisLogDaoImpl.class, /Users/lakhdeep/dashboard-backend/target/scala-2.11/classes/dao/TravisLogDao.class, /Users/lakhdeep/dashboard-backend/target/scala-2.11/classes/views/html/index_Scope0$.class, /Users/lakhdeep/dashboard-backend/target/scala-2.11/classes/views/html/main.class, /Users/lakhdeep/dashboard-backend/target/scala-2.11/classes/views/html/index_Scope0.class, /Users/lakhdeep/dashboard-backend/target/scala-2.11/classes/controllers/ReverseApplication.class, /Users/lakhdeep/dashboard-backend/target/scala-2.11/classes/service/TravisLogService.class, /Users/lakhdeep/dashboard-backend/target/scala-2.11/classes/views/html/main$.class, /Users/lakhdeep/dashboard-backend/target/scala-2.11/classes/router/Routes$$anonfun$routes$1$$anonfun$applyOrElse$2.class, /Users/lakhdeep/dashboard-backend/target/scala-2.11/classes/router/RoutesPrefix$$anonfun$1.class, /Users/lakhdeep/dashboard-backend/target/scala-2.11/classes/controllers/Application.class, /Users/lakhdeep/dashboard-backend/target/scala-2.11/classes/views/html/main_Scope0$main.class, /Users/lakhdeep/dashboard-backend/target/scala-2.11/classes/controllers/ReverseAssets.class, /Users/lakhdeep/dashboard-backend/target/scala-2.11/classes/router/Routes$$anonfun$routes$1$$anonfun$applyOrElse$1.class, /Users/lakhdeep/dashboard-backend/target/scala-2.11/classes/injector/MongoModule.class, /Users/lakhdeep/dashboard-backend/target/scala-2.11/classes/controllers/routes$javascript.class, /Users/lakhdeep/dashboard-backend/target/scala-2.11/classes/views/html/main_Scope0$main$$anonfun$f$1.class, /Users/lakhdeep/dashboard-backend/target/scala-2.11/classes/controllers/routes.class, /Users/lakhdeep/dashboard-backend/target/scala-2.11/classes/router/Routes$$anonfun$documentation$1.class, /Users/lakhdeep/dashboard-backend/target/scala-2.11/classes/router/RoutesPrefix$.class, /Users/lakhdeep/dashboard-backend/target/scala-2.11/classes/router/RoutesPrefix.class, /Users/lakhdeep/dashboard-backend/target/scala-2.11/classes/views/html/index$.class, /Users/lakhdeep/dashboard-backend/target/scala-2.11/classes/controllers/javascript/ReverseAssets.class, /Users/lakhdeep/dashboard-backend/target/scala-2.11/classes/router/Routes$$anonfun$router$Routes$$controllers_Application_index0_invoker$1.class, /Users/lakhdeep/dashboard-backend/target/scala-2.11/classes/router/Routes$$anonfun$routes$1$$anonfun$applyOrElse$2$$anonfun$apply$2.class, /Users/lakhdeep/dashboard-backend/target/scala-2.11/classes/router/Routes$$anonfun$routes$1$$anonfun$applyOrElse$3$$anonfun$apply$3.class, /Users/lakhdeep/dashboard-backend/target/scala-2.11/classes/injector/TravisModule.class, /Users/lakhdeep/dashboard-backend/target/scala-2.11/classes/views/html/main_Scope0$main$$anonfun$f$1$$anonfun$apply$1.class, /Users/lakhdeep/dashboard-backend/target/scala-2.11/classes/views/html/index_Scope0$index.class)
External API changes: API Changes: Set()
Modified binary dependencies: Set()
Initial directly invalidated sources: Set(/Users/lakhdeep/dashboard-backend/target/scala-2.11/twirl/main/views/html/main.template.scala, /Users/lakhdeep/dashboard-backend/target/scala-2.11/routes/main/controllers/javascript/JavaScriptReverseRoutes.scala, /Users/lakhdeep/dashboard-backend/target/scala-2.11/twirl/main/views/html/index.template.scala, /Users/lakhdeep/dashboard-backend/app/controllers/Application.java, /Users/lakhdeep/dashboard-backend/target/scala-2.11/routes/main/router/Routes.scala, /Users/lakhdeep/dashboard-backend/target/scala-2.11/routes/main/controllers/ReverseRoutes.scala, /Users/lakhdeep/dashboard-backend/target/scala-2.11/routes/main/router/RoutesPrefix.scala, /Users/lakhdeep/dashboard-backend/target/scala-2.11/routes/main/controllers/routes.java)

Sources indirectly invalidated by:
	product: Set(/Users/lakhdeep/dashboard-backend/target/scala-2.11/twirl/main/views/html/main.template.scala, /Users/lakhdeep/dashboard-backend/target/scala-2.11/routes/main/controllers/javascript/JavaScriptReverseRoutes.scala, /Users/lakhdeep/dashboard-backend/target/scala-2.11/twirl/main/views/html/index.template.scala, /Users/lakhdeep/dashboard-backend/app/controllers/Application.java, /Users/lakhdeep/dashboard-backend/app/dao/impl/TravisLogDaoImpl.java, /Users/lakhdeep/dashboard-backend/target/scala-2.11/routes/main/router/Routes.scala, /Users/lakhdeep/dashboard-backend/app/dao/TravisLogDao.java, /Users/lakhdeep/dashboard-backend/app/injector/TravisModule.java, /Users/lakhdeep/dashboard-backend/target/scala-2.11/routes/main/controllers/ReverseRoutes.scala, /Users/lakhdeep/dashboard-backend/app/injector/MongoModule.java, /Users/lakhdeep/dashboard-backend/app/service/TravisLogService.java, /Users/lakhdeep/dashboard-backend/app/models/TravisLog.java, /Users/lakhdeep/dashboard-backend/target/scala-2.11/routes/main/router/RoutesPrefix.scala, /Users/lakhdeep/dashboard-backend/target/scala-2.11/routes/main/controllers/routes.java, /Users/lakhdeep/dashboard-backend/app/service/impl/TravisLogServiceImpl.java)
	binary dep: Set()
	external source: Set()))
Sending msg to client play-fork-run-ae687795-4e78-4eca-bdf2-10d0b8ecd304: TaskLogEvent(1021,LogMessage(debug,All initially invalidated sources: Set(/Users/lakhdeep/dashboard-backend/target/scala-2.11/twirl/main/views/html/main.template.scala, /Users/lakhdeep/dashboard-backend/target/scala-2.11/routes/main/controllers/javascript/JavaScriptReverseRoutes.scala, /Users/lakhdeep/dashboard-backend/target/scala-2.11/twirl/main/views/html/index.template.scala, /Users/lakhdeep/dashboard-backend/app/controllers/Application.java, /Users/lakhdeep/dashboard-backend/app/dao/impl/TravisLogDaoImpl.java, /Users/lakhdeep/dashboard-backend/target/scala-2.11/routes/main/router/Routes.scala, /Users/lakhdeep/dashboard-backend/app/dao/TravisLogDao.java, /Users/lakhdeep/dashboard-backend/app/injector/TravisModule.java, /Users/lakhdeep/dashboard-backend/target/scala-2.11/routes/main/controllers/ReverseRoutes.scala, /Users/lakhdeep/dashboard-backend/app/injector/MongoModule.java, /Users/lakhdeep/dashboard-backend/app/service/TravisLogService.java, /Users/lakhdeep/dashboard-backend/app/models/TravisLog.java, /Users/lakhdeep/dashboard-backend/target/scala-2.11/routes/main/router/RoutesPrefix.scala, /Users/lakhdeep/dashboard-backend/target/scala-2.11/routes/main/controllers/routes.java, /Users/lakhdeep/dashboard-backend/app/service/impl/TravisLogServiceImpl.java)
))
Sending msg to client play-fork-run-ae687795-4e78-4eca-bdf2-10d0b8ecd304: TaskLogEvent(1021,LogMessage(debug,Recompiling all 15 sources: invalidated sources (15) exceeded 50.0% of all sources))
Sending msg to client play-fork-run-ae687795-4e78-4eca-bdf2-10d0b8ecd304: TaskLogEvent(1021,LogMessage(info,Read from stdout: Compiling 6 Scala sources and 9 Java sources to /Users/lakhdeep/dashboard-backend/target/scala-2.11/classes...))
Sending msg to client play-fork-run-ae687795-4e78-4eca-bdf2-10d0b8ecd304: TaskLogEvent(1021,LogMessage(info,Compiling 6 Scala sources and 9 Java sources to /Users/lakhdeep/dashboard-backend/target/scala-2.11/classes...))
Sending msg to client play-fork-run-ae687795-4e78-4eca-bdf2-10d0b8ecd304: BackgroundJobLogEvent(1,LogMessage(info,Compiling 6 Scala sources and 9 Java sources to /Users/lakhdeep/dashboard-backend/target/scala-2.11/classes...))
Sending msg to client play-fork-run-ae687795-4e78-4eca-bdf2-10d0b8ecd304: TaskLogEvent(1021,LogMessage(debug,Getting compiler-interface from component compiler for Scala 2.11.6))
Sending msg to client play-fork-run-ae687795-4e78-4eca-bdf2-10d0b8ecd304: TaskLogEvent(1021,LogMessage(debug,Other repositories:))
Sending msg to client play-fork-run-ae687795-4e78-4eca-bdf2-10d0b8ecd304: TaskLogEvent(1021,LogMessage(debug,Default repositories:))
Sending msg to client play-fork-run-ae687795-4e78-4eca-bdf2-10d0b8ecd304: TaskLogEvent(1021,LogMessage(debug,Getting compiler-interface from component compiler for Scala 2.11.6))
Sending msg to client play-fork-run-ae687795-4e78-4eca-bdf2-10d0b8ecd304: TaskLogEvent(1021,LogMessage(debug,Other repositories:))
Sending msg to client play-fork-run-ae687795-4e78-4eca-bdf2-10d0b8ecd304: TaskLogEvent(1021,LogMessage(debug,Default repositories:))
Sending msg to client play-fork-run-ae687795-4e78-4eca-bdf2-10d0b8ecd304: TaskLogEvent(1021,LogMessage(debug,Running cached compiler 42741e1d, interfacing (CompilerInterface) with Scala compiler version 2.11.6))
Sending msg to client play-fork-run-ae687795-4e78-4eca-bdf2-10d0b8ecd304: TaskLogEvent(1021,LogMessage(debug,Calling Scala compiler with arguments  (CompilerInterface):
	-deprecation
	-unchecked
	-encoding
	utf8
	-bootclasspath
	/Library/Java/JavaVirtualMachines/jdk1.8.0_45.jdk/Contents/Home/jre/lib/resources.jar:/Library/Java/JavaVirtualMachines/jdk1.8.0_45.jdk/Contents/Home/jre/lib/rt.jar:/Library/Java/JavaVirtualMachines/jdk1.8.0_45.jdk/Contents/Home/jre/lib/sunrsasign.jar:/Library/Java/JavaVirtualMachines/jdk1.8.0_45.jdk/Contents/Home/jre/lib/jsse.jar:/Library/Java/JavaVirtualMachines/jdk1.8.0_45.jdk/Contents/Home/jre/lib/jce.jar:/Library/Java/JavaVirtualMachines/jdk1.8.0_45.jdk/Contents/Home/jre/lib/charsets.jar:/Library/Java/JavaVirtualMachines/jdk1.8.0_45.jdk/Contents/Home/jre/lib/jfr.jar:/Library/Java/JavaVirtualMachines/jdk1.8.0_45.jdk/Contents/Home/jre/classes:/Users/lakhdeep/.ivy2/cache/org.scala-lang/scala-library/jars/scala-library-2.11.6.jar
	-classpath
	/Users/lakhdeep/dashboard-backend/target/scala-2.11/classes:/Users/lakhdeep/.ivy2/cache/com.typesafe.play/twirl-api_2.11/jars/twirl-api_2.11-1.1.1.jar:/Users/lakhdeep/.ivy2/cache/org.apache.commons/commons-lang3/jars/commons-lang3-3.4.jar:/Users/lakhdeep/.ivy2/cache/org.scala-lang.modules/scala-xml_2.11/bundles/scala-xml_2.11-1.0.1.jar:/Users/lakhdeep/.ivy2/cache/com.typesafe.play/play-enhancer/jars/play-enhancer-1.1.0.jar:/Users/lakhdeep/.ivy2/cache/com.typesafe.play/play-server_2.11/jars/play-server_2.11-2.4.3.jar:/Users/lakhdeep/.ivy2/cache/com.typesafe.play/play_2.11/jars/play_2.11-2.4.3.jar:/Users/lakhdeep/.ivy2/cache/com.typesafe.play/build-link/jars/build-link-2.4.3.jar:/Users/lakhdeep/.ivy2/cache/com.typesafe.play/play-exceptions/jars/play-exceptions-2.4.3.jar:/Users/lakhdeep/.ivy2/cache/org.javassist/javassist/bundles/javassist-3.19.0-GA.jar:/Users/lakhdeep/.ivy2/cache/com.typesafe.play/play-iteratees_2.11/jars/play-iteratees_2.11-2.4.3.jar:/Users/lakhdeep/.ivy2/cache/org.scala-stm/scala-stm_2.11/jars/scala-stm_2.11-0.7.jar:/Users/lakhdeep/.ivy2/cache/com.typesafe/config/bundles/config-1.3.0.jar:/Users/lakhdeep/.ivy2/cache/com.typesafe.play/play-json_2.11/jars/play-json_2.11-2.4.3.jar:/Users/lakhdeep/.ivy2/cache/com.typesafe.play/play-functional_2.11/jars/play-functional_2.11-2.4.3.jar:/Users/lakhdeep/.ivy2/cache/com.typesafe.play/play-datacommons_2.11/jars/play-datacommons_2.11-2.4.3.jar:/Users/lakhdeep/.ivy2/cache/joda-time/joda-time/jars/joda-time-2.8.1.jar:/Users/lakhdeep/.ivy2/cache/org.joda/joda-convert/jars/joda-convert-1.7.jar:/Users/lakhdeep/.ivy2/cache/org.scala-lang/scala-reflect/jars/scala-reflect-2.11.6.jar:/Users/lakhdeep/.ivy2/cache/com.fasterxml.jackson.datatype/jackson-datatype-jdk8/bundles/jackson-datatype-jdk8-2.5.4.jar:/Users/lakhdeep/.ivy2/cache/com.fasterxml.jackson.datatype/jackson-datatype-jsr310/bundles/jackson-datatype-jsr310-2.5.4.jar:/Users/lakhdeep/.ivy2/cache/com.typesafe.play/play-netty-utils/jars/play-netty-utils-2.4.3.jar:/Users/lakhdeep/.ivy2/cache/org.slf4j/slf4j-api/jars/slf4j-api-1.7.12.jar:/Users/lakhdeep/.ivy2/cache/org.slf4j/jul-to-slf4j/jars/jul-to-slf4j-1.7.12.jar:/Users/lakhdeep/.ivy2/cache/org.slf4j/jcl-over-slf4j/jars/jcl-over-slf4j-1.7.12.jar:/Users/lakhdeep/.ivy2/cache/org.scala-lang.modules/scala-parser-combinators_2.11/bundles/scala-parser-combinators_2.11-1.0.1.jar:/Users/lakhdeep/.ivy2/cache/ch.qos.logback/logback-core/jars/logback-core-1.1.3.jar:/Users/lakhdeep/.ivy2/cache/ch.qos.logback/logback-classic/jars/logback-classic-1.1.3.jar:/Users/lakhdeep/.ivy2/cache/com.typesafe.akka/akka-actor_2.11/jars/akka-actor_2.11-2.3.13.jar:/Users/lakhdeep/.ivy2/cache/com.typesafe.akka/akka-slf4j_2.11/jars/akka-slf4j_2.11-2.3.13.jar:/Users/lakhdeep/.ivy2/cache/commons-codec/commons-codec/jars/commons-codec-1.10.jar:/Users/lakhdeep/.ivy2/cache/xerces/xercesImpl/jars/xercesImpl-2.11.0.jar:/Users/lakhdeep/.ivy2/cache/xml-apis/xml-apis/jars/xml-apis-1.4.01.jar:/Users/lakhdeep/.ivy2/cache/javax.transaction/jta/jars/jta-1.1.jar:/Users/lakhdeep/.ivy2/cache/com.google.inject/guice/jars/guice-4.0.jar:/Users/lakhdeep/.ivy2/cache/javax.inject/javax.inject/jars/javax.inject-1.jar:/Users/lakhdeep/.ivy2/cache/aopalliance/aopalliance/jars/aopalliance-1.0.jar:/Users/lakhdeep/.ivy2/cache/com.google.inject.extensions/guice-assistedinject/jars/guice-assistedinject-4.0.jar:/Users/lakhdeep/.ivy2/cache/com.typesafe.play/play-java_2.11/jars/play-java_2.11-2.4.3.jar:/Users/lakhdeep/.ivy2/cache/org.scala-lang.modules/scala-java8-compat_2.11/bundles/scala-java8-compat_2.11-0.3.0.jar:/Users/lakhdeep/.ivy2/cache/org.yaml/snakeyaml/bundles/snakeyaml-1.15.jar:/Users/lakhdeep/.ivy2/cache/org.hibernate/hibernate-validator/jars/hibernate-validator-5.0.3.Final.jar:/Users/lakhdeep/.ivy2/cache/javax.validation/validation-api/jars/validation-api-1.1.0.Final.jar:/Users/lakhdeep/.ivy2/cache/com.fasterxml/classmate/bundles/classmate-1.0.0.jar:/Users/lakhdeep/.ivy2/cache/org.jboss.logging/jboss-logging/jars/jboss-logging-3.2.1.Final.jar:/Users/lakhdeep/.ivy2/cache/org.springframework/spring-context/jars/spring-context-4.1.6.RELEASE.jar:/Users/lakhdeep/.ivy2/cache/org.springframework/spring-core/jars/spring-core-4.1.6.RELEASE.jar:/Users/lakhdeep/.ivy2/cache/org.springframework/spring-beans/jars/spring-beans-4.1.6.RELEASE.jar:/Users/lakhdeep/.ivy2/cache/org.reflections/reflections/jars/reflections-0.9.9.jar:/Users/lakhdeep/.ivy2/cache/com.google.guava/guava/bundles/guava-18.0.jar:/Users/lakhdeep/.ivy2/cache/com.google.code.findbugs/annotations/jars/annotations-2.0.1.jar:/Users/lakhdeep/.ivy2/cache/net.jodah/typetools/bundles/typetools-0.4.1.jar:/Users/lakhdeep/.ivy2/cache/com.google.code.findbugs/jsr305/jars/jsr305-2.0.3.jar:/Users/lakhdeep/.ivy2/cache/org.apache.tomcat/tomcat-servlet-api/jars/tomcat-servlet-api-8.0.21.jar:/Users/lakhdeep/.ivy2/cache/com.typesafe.play/play-netty-server_2.11/jars/play-netty-server_2.11-2.4.3.jar:/Users/lakhdeep/.ivy2/cache/io.netty/netty/bundles/netty-3.10.4.Final.jar:/Users/lakhdeep/.ivy2/cache/com.typesafe.netty/netty-http-pipelining/jars/netty-http-pipelining-1.1.4.jar:/Users/lakhdeep/.ivy2/cache/com.typesafe.play/play-java-jdbc_2.11/jars/play-java-jdbc_2.11-2.4.3.jar:/Users/lakhdeep/.ivy2/cache/com.typesafe.play/play-jdbc_2.11/jars/play-jdbc_2.11-2.4.3.jar:/Users/lakhdeep/.ivy2/cache/com.typesafe.play/play-jdbc-api_2.11/jars/play-jdbc-api_2.11-2.4.3.jar:/Users/lakhdeep/.ivy2/cache/com.jolbox/bonecp/bundles/bonecp-0.8.0.RELEASE.jar:/Users/lakhdeep/.ivy2/cache/com.zaxxer/HikariCP/bundles/HikariCP-2.3.7.jar:/Users/lakhdeep/.ivy2/cache/com.h2database/h2/jars/h2-1.4.187.jar:/Users/lakhdeep/.ivy2/cache/tyrex/tyrex/jars/tyrex-1.0.1.jar:/Users/lakhdeep/.ivy2/cache/com.typesafe.play/play-cache_2.11/jars/play-cache_2.11-2.4.3.jar:/Users/lakhdeep/.ivy2/cache/net.sf.ehcache/ehcache-core/jars/ehcache-core-2.6.11.jar:/Users/lakhdeep/.ivy2/cache/com.typesafe.play/play-java-ws_2.11/jars/play-java-ws_2.11-2.4.3.jar:/Users/lakhdeep/.ivy2/cache/com.typesafe.play/play-ws_2.11/jars/play-ws_2.11-2.4.3.jar:/Users/lakhdeep/.ivy2/cache/com.ning/async-http-client/jars/async-http-client-1.9.21.jar:/Users/lakhdeep/.ivy2/cache/oauth.signpost/signpost-core/jars/signpost-core-1.2.1.2.jar:/Users/lakhdeep/.ivy2/cache/oauth.signpost/signpost-commonshttp4/jars/signpost-commonshttp4-1.2.1.2.jar:/Users/lakhdeep/.ivy2/cache/org.apache.httpcomponents/httpcore/jars/httpcore-4.0.1.jar:/Users/lakhdeep/.ivy2/cache/org.apache.httpcomponents/httpclient/jars/httpclient-4.0.1.jar:/Users/lakhdeep/.ivy2/cache/commons-logging/commons-logging/jars/commons-logging-1.1.1.jar:/Users/lakhdeep/.ivy2/cache/org.mongodb.morphia/morphia/jars/morphia-1.0.1.jar:/Users/lakhdeep/.ivy2/cache/org.mongodb/mongo-java-driver/jars/mongo-java-driver-3.0.2.jar:/Users/lakhdeep/.ivy2/cache/com.thoughtworks.proxytoys/proxytoys/jars/proxytoys-1.0.jar:/Users/lakhdeep/.ivy2/cache/cglib/cglib-nodep/jars/cglib-nodep-2.2.2.jar:/Users/lakhdeep/.ivy2/cache/junit/junit/jars/junit-4.11.jar:/Users/lakhdeep/.ivy2/cache/org.hamcrest/hamcrest-core/jars/hamcrest-core-1.3.jar:/Users/lakhdeep/.ivy2/cache/com.redmart.api.commons/api-commons/jars/api-commons-3.1.2.jar:/Users/lakhdeep/.ivy2/cache/com.redmart.api.base/api-base/jars/api-base-5.2.3.jar:/Users/lakhdeep/.ivy2/cache/redis.clients/jedis/jars/jedis-2.7.2.jar:/Users/lakhdeep/.ivy2/cache/org.apache.commons/commons-pool2/jars/commons-pool2-2.3.jar:/Users/lakhdeep/.ivy2/cache/biz.paluch.redis/lettuce/jars/lettuce-3.2.Final.jar:/Users/lakhdeep/.ivy2/cache/io.netty/netty-common/jars/netty-common-4.0.28.Final.jar:/Users/lakhdeep/.ivy2/cache/io.netty/netty-transport/jars/netty-transport-4.0.28.Final.jar:/Users/lakhdeep/.ivy2/cache/io.netty/netty-buffer/jars/netty-buffer-4.0.28.Final.jar:/Users/lakhdeep/.ivy2/cache/io.netty/netty-handler/jars/netty-handler-4.0.28.Final.jar:/Users/lakhdeep/.ivy2/cache/io.netty/netty-codec/jars/netty-codec-4.0.28.Final.jar:/Users/lakhdeep/.ivy2/cache/com.redmart.jsonhelper/jsonhelper/jars/jsonhelper-3.0.0.jar:/Users/lakhdeep/.ivy2/cache/com.redmart.micro-service-dto/member-service-dto/jars/member-service-dto-2.0.0.jar:/Users/lakhdeep/.ivy2/cache/com.redmart.micro-service-dto/base-dto/jars/base-dto-1.0.0.jar:/Users/lakhdeep/.ivy2/cache/com.google.code.gson/gson/jars/gson-2.3.1.jar:/Users/lakhdeep/.ivy2/cache/com.fasterxml.jackson.core/jackson-databind/bundles/jackson-databind-2.6.1.jar:/Users/lakhdeep/.ivy2/cache/com.fasterxml.jackson.core/jackson-annotations/bundles/jackson-annotations-2.6.0.jar:/Users/lakhdeep/.ivy2/cache/com.fasterxml.jackson.core/jackson-core/bundles/jackson-core-2.6.1.jar:/Users/lakhdeep/.ivy2/cache/com.redmart.micro-service-dto/realtime-delivery-scheduler-dto/jars/realtime-delivery-scheduler-dto-0.0.1.jar:/Users/lakhdeep/.ivy2/cache/org.jasypt/jasypt/jars/jasypt-1.9.2.jar))
Sending msg to client play-fork-run-ae687795-4e78-4eca-bdf2-10d0b8ecd304: TaskLogEvent(1021,LogMessage(debug,Scala compilation took 3.864094482 s))
Sending msg to client play-fork-run-ae687795-4e78-4eca-bdf2-10d0b8ecd304: TaskLogEvent(1021,LogMessage(debug,Attempting to call com.sun.tools.javac.api.JavacTool@306da678 directly...))
Sending msg to client play-fork-run-ae687795-4e78-4eca-bdf2-10d0b8ecd304: TaskEvent(1021,LazyValue(CompilationFailure(ProjectReference(file:/Users/lakhdeep/dashboard-backend/,root),Position(Some(/Users/lakhdeep/dashboard-backend/app/dao/impl/TravisLogDaoImpl.java),Some(/Users/lakhdeep/dashboard-backend/app/dao/impl/TravisLogDaoImpl.java),None,,None,None,None),Info,/Users/lakhdeep/dashboard-backend/app/dao/impl/TravisLogDaoImpl.java uses or overrides a deprecated API.),sbt.protocol.package$SbtProtocolCompilationFailurePickler1$2$@483f7e72))
Sending msg to client play-fork-run-ae687795-4e78-4eca-bdf2-10d0b8ecd304: TaskLogEvent(1021,LogMessage(info,Read from stdout: /Users/lakhdeep/dashboard-backend/app/dao/impl/TravisLogDaoImpl.java: /Users/lakhdeep/dashboard-backend/app/dao/impl/TravisLogDaoImpl.java uses or overrides a deprecated API.))
Sending msg to client play-fork-run-ae687795-4e78-4eca-bdf2-10d0b8ecd304: TaskLogEvent(1021,LogMessage(info,/Users/lakhdeep/dashboard-backend/app/dao/impl/TravisLogDaoImpl.java: /Users/lakhdeep/dashboard-backend/app/dao/impl/TravisLogDaoImpl.java uses or overrides a deprecated API.))
Sending msg to client play-fork-run-ae687795-4e78-4eca-bdf2-10d0b8ecd304: BackgroundJobLogEvent(1,LogMessage(info,/Users/lakhdeep/dashboard-backend/app/dao/impl/TravisLogDaoImpl.java: /Users/lakhdeep/dashboard-backend/app/dao/impl/TravisLogDaoImpl.java uses or overrides a deprecated API.))
Sending msg to client play-fork-run-ae687795-4e78-4eca-bdf2-10d0b8ecd304: TaskEvent(1021,LazyValue(CompilationFailure(ProjectReference(file:/Users/lakhdeep/dashboard-backend/,root),Position(Some(/Users/lakhdeep/dashboard-backend/app/dao/impl/TravisLogDaoImpl.java),Some(/Users/lakhdeep/dashboard-backend/app/dao/impl/TravisLogDaoImpl.java),None,,None,None,None),Info,Recompile with -Xlint:deprecation for details.),sbt.protocol.package$SbtProtocolCompilationFailurePickler1$2$@483f7e72))
Sending msg to client play-fork-run-ae687795-4e78-4eca-bdf2-10d0b8ecd304: TaskLogEvent(1021,LogMessage(info,Read from stdout: /Users/lakhdeep/dashboard-backend/app/dao/impl/TravisLogDaoImpl.java: Recompile with -Xlint:deprecation for details.))
Sending msg to client play-fork-run-ae687795-4e78-4eca-bdf2-10d0b8ecd304: TaskLogEvent(1021,LogMessage(info,/Users/lakhdeep/dashboard-backend/app/dao/impl/TravisLogDaoImpl.java: Recompile with -Xlint:deprecation for details.))
Sending msg to client play-fork-run-ae687795-4e78-4eca-bdf2-10d0b8ecd304: BackgroundJobLogEvent(1,LogMessage(info,/Users/lakhdeep/dashboard-backend/app/dao/impl/TravisLogDaoImpl.java: Recompile with -Xlint:deprecation for details.))
Sending msg to client play-fork-run-ae687795-4e78-4eca-bdf2-10d0b8ecd304: TaskEvent(1021,LazyValue(CompilationFailure(ProjectReference(file:/Users/lakhdeep/dashboard-backend/,root),Position(Some(/Users/lakhdeep/dashboard-backend/app/dao/impl/TravisLogDaoImpl.java),Some(/Users/lakhdeep/dashboard-backend/app/dao/impl/TravisLogDaoImpl.java),None,,None,None,None),Info,/Users/lakhdeep/dashboard-backend/app/dao/impl/TravisLogDaoImpl.java uses unchecked or unsafe operations.),sbt.protocol.package$SbtProtocolCompilationFailurePickler1$2$@483f7e72))
Sending msg to client play-fork-run-ae687795-4e78-4eca-bdf2-10d0b8ecd304: TaskLogEvent(1021,LogMessage(info,Read from stdout: /Users/lakhdeep/dashboard-backend/app/dao/impl/TravisLogDaoImpl.java: /Users/lakhdeep/dashboard-backend/app/dao/impl/TravisLogDaoImpl.java uses unchecked or unsafe operations.))
Sending msg to client play-fork-run-ae687795-4e78-4eca-bdf2-10d0b8ecd304: TaskLogEvent(1021,LogMessage(info,/Users/lakhdeep/dashboard-backend/app/dao/impl/TravisLogDaoImpl.java: /Users/lakhdeep/dashboard-backend/app/dao/impl/TravisLogDaoImpl.java uses unchecked or unsafe operations.))
Sending msg to client play-fork-run-ae687795-4e78-4eca-bdf2-10d0b8ecd304: BackgroundJobLogEvent(1,LogMessage(info,/Users/lakhdeep/dashboard-backend/app/dao/impl/TravisLogDaoImpl.java: /Users/lakhdeep/dashboard-backend/app/dao/impl/TravisLogDaoImpl.java uses unchecked or unsafe operations.))
Sending msg to client play-fork-run-ae687795-4e78-4eca-bdf2-10d0b8ecd304: TaskEvent(1021,LazyValue(CompilationFailure(ProjectReference(file:/Users/lakhdeep/dashboard-backend/,root),Position(Some(/Users/lakhdeep/dashboard-backend/app/dao/impl/TravisLogDaoImpl.java),Some(/Users/lakhdeep/dashboard-backend/app/dao/impl/TravisLogDaoImpl.java),None,,None,None,None),Info,Recompile with -Xlint:unchecked for details.),sbt.protocol.package$SbtProtocolCompilationFailurePickler1$2$@483f7e72))
Sending msg to client play-fork-run-ae687795-4e78-4eca-bdf2-10d0b8ecd304: TaskLogEvent(1021,LogMessage(info,Read from stdout: /Users/lakhdeep/dashboard-backend/app/dao/impl/TravisLogDaoImpl.java: Recompile with -Xlint:unchecked for details.))
Sending msg to client play-fork-run-ae687795-4e78-4eca-bdf2-10d0b8ecd304: TaskLogEvent(1021,LogMessage(info,/Users/lakhdeep/dashboard-backend/app/dao/impl/TravisLogDaoImpl.java: Recompile with -Xlint:unchecked for details.))
Sending msg to client play-fork-run-ae687795-4e78-4eca-bdf2-10d0b8ecd304: BackgroundJobLogEvent(1,LogMessage(info,/Users/lakhdeep/dashboard-backend/app/dao/impl/TravisLogDaoImpl.java: Recompile with -Xlint:unchecked for details.))
Sending msg to client play-fork-run-ae687795-4e78-4eca-bdf2-10d0b8ecd304: TaskLogEvent(1021,LogMessage(debug,Java compilation took 0.422508942 s))
Sending msg to client play-fork-run-ae687795-4e78-4eca-bdf2-10d0b8ecd304: TaskLogEvent(1021,LogMessage(debug,Java analysis took 0.222125762 s))
Sending msg to client play-fork-run-ae687795-4e78-4eca-bdf2-10d0b8ecd304: TaskLogEvent(1021,LogMessage(debug,Java compile + analysis took 0.657382384 s))
Sending msg to client play-fork-run-ae687795-4e78-4eca-bdf2-10d0b8ecd304: TaskLogEvent(1021,LogMessage(debug,Invalidating /Users/lakhdeep/dashboard-backend/app/controllers/Application.java...))
Sending msg to client play-fork-run-ae687795-4e78-4eca-bdf2-10d0b8ecd304: TaskLogEvent(1021,LogMessage(debug,Invalidating (transitively) by inheritance from /Users/lakhdeep/dashboard-backend/app/controllers/Application.java...))
Sending msg to client play-fork-run-ae687795-4e78-4eca-bdf2-10d0b8ecd304: TaskLogEvent(1021,LogMessage(debug,Initial set of included nodes: Set(/Users/lakhdeep/dashboard-backend/app/controllers/Application.java)))
Sending msg to client play-fork-run-ae687795-4e78-4eca-bdf2-10d0b8ecd304: TaskLogEvent(1021,LogMessage(debug,Invalidated by transitive inheritance dependency: Set(/Users/lakhdeep/dashboard-backend/app/controllers/Application.java)))
Sending msg to client play-fork-run-ae687795-4e78-4eca-bdf2-10d0b8ecd304: TaskLogEvent(1021,LogMessage(debug,The /Users/lakhdeep/dashboard-backend/app/controllers/Application.java source file has the following regular definitions changed:
	Application.
All member reference dependencies will be considered within this context.))
Sending msg to client play-fork-run-ae687795-4e78-4eca-bdf2-10d0b8ecd304: TaskLogEvent(1021,LogMessage(debug,The following modified names cause invalidation of /Users/lakhdeep/dashboard-backend/target/scala-2.11/routes/main/router/Routes.scala: Set(Application)))
Sending msg to client play-fork-run-ae687795-4e78-4eca-bdf2-10d0b8ecd304: TaskLogEvent(1021,LogMessage(debug,Name hashing optimization doesn't apply to non-Scala dependency: /Users/lakhdeep/dashboard-backend/app/controllers/Application.java))
Sending msg to client play-fork-run-ae687795-4e78-4eca-bdf2-10d0b8ecd304: TaskLogEvent(1021,LogMessage(debug,New invalidations:
	Set(/Users/lakhdeep/dashboard-backend/target/scala-2.11/routes/main/router/Routes.scala)))
Sending msg to client play-fork-run-ae687795-4e78-4eca-bdf2-10d0b8ecd304: TaskLogEvent(1021,LogMessage(debug,Initial set of included nodes: Set(/Users/lakhdeep/dashboard-backend/target/scala-2.11/routes/main/router/Routes.scala)))
Sending msg to client play-fork-run-ae687795-4e78-4eca-bdf2-10d0b8ecd304: TaskLogEvent(1021,LogMessage(debug,Previously invalidated, but (transitively) depend on new invalidations:
	Set()))
Sending msg to client play-fork-run-ae687795-4e78-4eca-bdf2-10d0b8ecd304: TaskLogEvent(1021,LogMessage(debug,All newly invalidated sources after taking into account (previously) recompiled sources:Set()))
Sending msg to client play-fork-run-ae687795-4e78-4eca-bdf2-10d0b8ecd304: TaskFinished(13,1021,Some(AttributeKey[sbt.compiler.IC$Result]("compileIncremental") in Scope(Build: file:/Users/lakhdeep/dashboard-backend/, , Project: ProjectReference(file:/Users/lakhdeep/dashboard-backend/,root), Config: compile)),true,None)
Sending msg to client play-fork-run-ae687795-4e78-4eca-bdf2-10d0b8ecd304: TaskStarted(13,1020,Some(AttributeKey[sbt.compiler.IC$Result]("manipulateBytecode") in Scope(Build: file:/Users/lakhdeep/dashboard-backend/, , Project: ProjectReference(file:/Users/lakhdeep/dashboard-backend/,root), Config: compile)))
Sending msg to client play-fork-run-ae687795-4e78-4eca-bdf2-10d0b8ecd304: TaskFinished(13,1020,Some(AttributeKey[sbt.compiler.IC$Result]("manipulateBytecode") in Scope(Build: file:/Users/lakhdeep/dashboard-backend/, , Project: ProjectReference(file:/Users/lakhdeep/dashboard-backend/,root), Config: compile)),true,None)
Sending msg to client play-fork-run-ae687795-4e78-4eca-bdf2-10d0b8ecd304: TaskStarted(13,1014,Some(AttributeKey[sbt.compiler.IC$Result]("manipulateBytecode") in Scope(Build: file:/Users/lakhdeep/dashboard-backend/, , Project: ProjectReference(file:/Users/lakhdeep/dashboard-backend/,root), Config: compile)))
Sending msg to client play-fork-run-ae687795-4e78-4eca-bdf2-10d0b8ecd304: TaskFinished(13,1014,Some(AttributeKey[sbt.compiler.IC$Result]("manipulateBytecode") in Scope(Build: file:/Users/lakhdeep/dashboard-backend/, , Project: ProjectReference(file:/Users/lakhdeep/dashboard-backend/,root), Config: compile)),true,None)
Sending msg to client play-fork-run-ae687795-4e78-4eca-bdf2-10d0b8ecd304: TaskStarted(13,955,Some(AttributeKey[sbt.inc.Analysis]("compile") in Scope(Build: file:/Users/lakhdeep/dashboard-backend/, , Project: ProjectReference(file:/Users/lakhdeep/dashboard-backend/,root), Config: compile)))
Sending msg to client play-fork-run-ae687795-4e78-4eca-bdf2-10d0b8ecd304: TaskFinished(13,955,Some(AttributeKey[sbt.inc.Analysis]("compile") in Scope(Build: file:/Users/lakhdeep/dashboard-backend/, , Project: ProjectReference(file:/Users/lakhdeep/dashboard-backend/,root), Config: compile)),true,None)
Sending msg to client play-fork-run-ae687795-4e78-4eca-bdf2-10d0b8ecd304: TaskStarted(13,954,None)
Sending msg to client play-fork-run-ae687795-4e78-4eca-bdf2-10d0b8ecd304: TaskStarted(13,1083,Some(AttributeKey[scala.collection.Seq[java.lang.String]]("discoveredMainClasses") in Scope(Build: file:/Users/lakhdeep/dashboard-backend/, , Project: ProjectReference(file:/Users/lakhdeep/dashboard-backend/,root), Config: compile)))
Sending msg to client play-fork-run-ae687795-4e78-4eca-bdf2-10d0b8ecd304: TaskFinished(13,954,None,true,None)
Sending msg to client play-fork-run-ae687795-4e78-4eca-bdf2-10d0b8ecd304: TaskStarted(13,953,None)
Sending msg to client play-fork-run-ae687795-4e78-4eca-bdf2-10d0b8ecd304: TaskFinished(13,1083,Some(AttributeKey[scala.collection.Seq[java.lang.String]]("discoveredMainClasses") in Scope(Build: file:/Users/lakhdeep/dashboard-backend/, , Project: ProjectReference(file:/Users/lakhdeep/dashboard-backend/,root), Config: compile)),true,None)
Sending msg to client play-fork-run-ae687795-4e78-4eca-bdf2-10d0b8ecd304: TaskFinished(13,953,None,true,None)
Sending msg to client play-fork-run-ae687795-4e78-4eca-bdf2-10d0b8ecd304: DetachedLogEvent(LogMessage(debug,cancel strategy finish enabled=false lastCommand=Some(LastCommand(CommandExecutionWork(ExecutionId(13),compile,Set(LiveClient(activator 353f4bfa-df67-4e87-be96-707876ef8764)),sbt.server.WorkCancellationStatus$$anon$1@16c959c)))))
Sending msg to client play-fork-run-ae687795-4e78-4eca-bdf2-10d0b8ecd304: DetachedLogEvent(LogSuccess(Total time: 18 s, completed Nov 13, 2015 2:08:19 PM))
Sending msg to client play-fork-run-ae687795-4e78-4eca-bdf2-10d0b8ecd304: DetachedLogEvent(LogMessage(debug,> server-post-command-cleanup))
Sending msg to client play-fork-run-ae687795-4e78-4eca-bdf2-10d0b8ecd304: ExecutionSuccess(13)
Sending msg to client play-fork-run-ae687795-4e78-4eca-bdf2-10d0b8ecd304: DetachedLogEvent(LogMessage(debug,> server-handle-next-server-request))
Sending msg to client play-fork-run-ae687795-4e78-4eca-bdf2-10d0b8ecd304: ExecutionWaiting(14,jobStop 1,ClientInfo(353f4bfa-df67-4e87-be96-707876ef8764,activator,Activator,3,Vector()))
Sending msg to client play-fork-run-ae687795-4e78-4eca-bdf2-10d0b8ecd304: ExecutionWaiting(15,backgroundRun,ClientInfo(353f4bfa-df67-4e87-be96-707876ef8764,activator,Activator,3,Vector()))
Sending msg to client play-fork-run-ae687795-4e78-4eca-bdf2-10d0b8ecd304: ExecutionStarting(14)
Sending msg to client play-fork-run-ae687795-4e78-4eca-bdf2-10d0b8ecd304: DetachedLogEvent(LogMessage(debug,> jobStop 1))
Sending msg to client play-fork-run-ae687795-4e78-4eca-bdf2-10d0b8ecd304: DetachedLogEvent(LogMessage(debug,Evaluating tasks: *:jobStop))
Sending msg to client play-fork-run-ae687795-4e78-4eca-bdf2-10d0b8ecd304: DetachedLogEvent(LogMessage(debug,Running task... Cancel: sbt.server.ServerTaskCancellation@5dafad0b, check cycles: false))
Sending msg to client play-fork-run-ae687795-4e78-4eca-bdf2-10d0b8ecd304: DetachedLogEvent(LogMessage(debug,cancel strategy start enabled=true lastCommand=Some(LastCommand(CommandExecutionWork(ExecutionId(14),jobStop 1,Set(LiveClient(activator 353f4bfa-df67-4e87-be96-707876ef8764)),sbt.server.WorkCancellationStatus$$anon$1@1fb2e9b)))))
Sending msg to client play-fork-run-ae687795-4e78-4eca-bdf2-10d0b8ecd304: TaskStarted(14,1086,Some(AttributeKey[void]("jobStop") in Scope(Global)))
Sending msg to client play-fork-run-ae687795-4e78-4eca-bdf2-10d0b8ecd304: TaskFinished(14,1086,Some(AttributeKey[void]("jobStop") in Scope(Global)),true,None)
Sending msg to client play-fork-run-ae687795-4e78-4eca-bdf2-10d0b8ecd304: TaskStarted(14,1085,None)
Sending msg to client play-fork-run-ae687795-4e78-4eca-bdf2-10d0b8ecd304: TaskFinished(14,1085,None,true,None)
Sending msg to client play-fork-run-ae687795-4e78-4eca-bdf2-10d0b8ecd304: TaskStarted(14,1084,None)
Sending msg to client play-fork-run-ae687795-4e78-4eca-bdf2-10d0b8ecd304: TaskFinished(14,1084,None,true,None)
Sending msg to client play-fork-run-ae687795-4e78-4eca-bdf2-10d0b8ecd304: BackgroundJobLogEvent(1,LogMessage(info,Stopping Play fork run ...))
Sending msg to client play-fork-run-ae687795-4e78-4eca-bdf2-10d0b8ecd304: DetachedLogEvent(LogMessage(debug,cancel strategy finish enabled=false lastCommand=Some(LastCommand(CommandExecutionWork(ExecutionId(14),jobStop 1,Set(LiveClient(activator 353f4bfa-df67-4e87-be96-707876ef8764)),sbt.server.WorkCancellationStatus$$anon$1@1fb2e9b)))))
Sending msg to client play-fork-run-ae687795-4e78-4eca-bdf2-10d0b8ecd304: DetachedLogEvent(LogSuccess(Total time: 0 s, completed Nov 13, 2015 2:08:19 PM))
Sending msg to client play-fork-run-ae687795-4e78-4eca-bdf2-10d0b8ecd304: DetachedLogEvent(LogMessage(debug,> server-post-command-cleanup))
Sending msg to client play-fork-run-ae687795-4e78-4eca-bdf2-10d0b8ecd304: ExecutionSuccess(14)
Sending msg to client play-fork-run-ae687795-4e78-4eca-bdf2-10d0b8ecd304: DetachedLogEvent(LogMessage(debug,> server-handle-next-server-request))
Sending msg to client play-fork-run-ae687795-4e78-4eca-bdf2-10d0b8ecd304: ExecutionStarting(15)
Sending msg to client play-fork-run-ae687795-4e78-4eca-bdf2-10d0b8ecd304: DetachedLogEvent(LogMessage(debug,> backgroundRun))
Sending msg to client play-fork-run-ae687795-4e78-4eca-bdf2-10d0b8ecd304: DetachedLogEvent(LogMessage(debug,Evaluating tasks: compile:backgroundRun))
Sending msg to client play-fork-run-ae687795-4e78-4eca-bdf2-10d0b8ecd304: DetachedLogEvent(LogMessage(debug,Running task... Cancel: sbt.server.ServerTaskCancellation@28e5b9ea, check cycles: false))
Sending msg to client play-fork-run-ae687795-4e78-4eca-bdf2-10d0b8ecd304: DetachedLogEvent(LogMessage(debug,cancel strategy start enabled=true lastCommand=Some(LastCommand(CommandExecutionWork(ExecutionId(15),backgroundRun,Set(LiveClient(activator 353f4bfa-df67-4e87-be96-707876ef8764)),sbt.server.WorkCancellationStatus$$anon$1@26b293af)))))
Sending msg to client play-fork-run-ae687795-4e78-4eca-bdf2-10d0b8ecd304: TaskStarted(15,1091,Some(AttributeKey[scala.collection.Seq[java.lang.String]]("javaOptions") in Scope(Global)))
Sending msg to client play-fork-run-ae687795-4e78-4eca-bdf2-10d0b8ecd304: TaskStarted(15,1095,None)
Sending msg to client play-fork-run-ae687795-4e78-4eca-bdf2-10d0b8ecd304: TaskStarted(15,1097,Some(AttributeKey[java.lang.String]("updateCacheName") in Scope(Build: file:/Users/lakhdeep/dashboard-backend/, , Project: ProjectReference(file:/Users/lakhdeep/dashboard-backend/,root))))
Sending msg to client play-fork-run-ae687795-4e78-4eca-bdf2-10d0b8ecd304: TaskStarted(15,1098,Some(AttributeKey[boolean]("skip") in Scope(Global)))
Sending msg to client play-fork-run-ae687795-4e78-4eca-bdf2-10d0b8ecd304: TaskStarted(15,1100,None)
Sending msg to client play-fork-run-ae687795-4e78-4eca-bdf2-10d0b8ecd304: TaskStarted(15,1102,None)
Sending msg to client play-fork-run-ae687795-4e78-4eca-bdf2-10d0b8ecd304: TaskStarted(15,1106,None)
Sending msg to client play-fork-run-ae687795-4e78-4eca-bdf2-10d0b8ecd304: TaskStarted(15,1107,None)
Sending msg to client play-fork-run-ae687795-4e78-4eca-bdf2-10d0b8ecd304: TaskStarted(15,1116,Some(AttributeKey[scala.Option[scala.collection.Seq[sbt.Resolver]]]("bootResolvers") in Scope(Build: file:/Users/lakhdeep/dashboard-backend/, , Project: ProjectReference(file:/Users/lakhdeep/dashboard-backend/,root))))
Sending msg to client play-fork-run-ae687795-4e78-4eca-bdf2-10d0b8ecd304: TaskStarted(15,1117,Some(AttributeKey[scala.collection.Seq[sbt.Resolver]]("externalResolvers") in Scope(Build: file:/Users/lakhdeep/dashboard-backend/, , Project: ProjectReference(file:/Users/lakhdeep/dashboard-backend/,root))))
Sending msg to client play-fork-run-ae687795-4e78-4eca-bdf2-10d0b8ecd304: TaskStarted(15,1122,Some(AttributeKey[scala.collection.Seq[sbt.Credentials]]("credentials") in Scope(Global)))
Sending msg to client play-fork-run-ae687795-4e78-4eca-bdf2-10d0b8ecd304: TaskStarted(15,1123,None)
Sending msg to client play-fork-run-ae687795-4e78-4eca-bdf2-10d0b8ecd304: TaskFinished(15,1091,Some(AttributeKey[scala.collection.Seq[java.lang.String]]("javaOptions") in Scope(Global)),true,None)
Sending msg to client play-fork-run-ae687795-4e78-4eca-bdf2-10d0b8ecd304: TaskFinished(15,1095,None,true,None)
Sending msg to client play-fork-run-ae687795-4e78-4eca-bdf2-10d0b8ecd304: TaskStarted(15,1094,None)
Sending msg to client play-fork-run-ae687795-4e78-4eca-bdf2-10d0b8ecd304: TaskStarted(15,1113,None)
Sending msg to client play-fork-run-ae687795-4e78-4eca-bdf2-10d0b8ecd304: TaskStarted(15,1120,None)
Sending msg to client play-fork-run-ae687795-4e78-4eca-bdf2-10d0b8ecd304: TaskStarted(15,1121,None)
Sending msg to client play-fork-run-ae687795-4e78-4eca-bdf2-10d0b8ecd304: TaskStarted(15,1126,None)
Sending msg to client play-fork-run-ae687795-4e78-4eca-bdf2-10d0b8ecd304: TaskFinished(15,1097,Some(AttributeKey[java.lang.String]("updateCacheName") in Scope(Build: file:/Users/lakhdeep/dashboard-backend/, , Project: ProjectReference(file:/Users/lakhdeep/dashboard-backend/,root))),true,None)
Sending msg to client play-fork-run-ae687795-4e78-4eca-bdf2-10d0b8ecd304: TaskFinished(15,1098,Some(AttributeKey[boolean]("skip") in Scope(Global)),true,None)
Sending msg to client play-fork-run-ae687795-4e78-4eca-bdf2-10d0b8ecd304: TaskFinished(15,1100,None,true,None)
Sending msg to client play-fork-run-ae687795-4e78-4eca-bdf2-10d0b8ecd304: TaskStarted(15,1099,Some(AttributeKey[java.io.File]("dependencyCacheDirectory") in Scope(Build: file:/Users/lakhdeep/dashboard-backend/, , Project: ProjectReference(file:/Users/lakhdeep/dashboard-backend/,root))))
Sending msg to client play-fork-run-ae687795-4e78-4eca-bdf2-10d0b8ecd304: TaskStarted(15,1104,Some(AttributeKey[sbt.BuildStructure]("buildStructure") in Scope(Global)))
Sending msg to client play-fork-run-ae687795-4e78-4eca-bdf2-10d0b8ecd304: TaskFinished(15,1102,None,true,None)
Sending msg to client play-fork-run-ae687795-4e78-4eca-bdf2-10d0b8ecd304: TaskFinished(15,1106,None,true,None)
Got request: UnlistenToEvents()
Reading next message from client.
Sending msg to client play-fork-run-ae687795-4e78-4eca-bdf2-10d0b8ecd304: (12,ReceivedResponse())
Got request: UnlistenToValue(AttributeKey[play.forkrun.protocol.ForkConfig]("playForkConfig") in Scope(Build: file:/Users/lakhdeep/dashboard-backend/, , Project: ProjectReference(file:/Users/lakhdeep/dashboard-backend/,root)))
Reading next message from client.
Got request: UnlistenToValue(AttributeKey[play.runsupport.Reloader$CompileResult]("playForkReload") in Scope(Build: file:/Users/lakhdeep/dashboard-backend/, , Project: ProjectReference(file:/Users/lakhdeep/dashboard-backend/,root)))
Reading next message from client.
Client play-fork-run-ae687795-4e78-4eca-bdf2-10d0b8ecd304 EOF, shutting down.
Stopping client.
Client play-fork-run-ae687795-4e78-4eca-bdf2-10d0b8ecd304 thread exiting.
Dropping message (13,ReceivedResponse()) to dead client play-fork-run-ae687795-4e78-4eca-bdf2-10d0b8ecd304
Dropping message (14,ReceivedResponse()) to dead client play-fork-run-ae687795-4e78-4eca-bdf2-10d0b8ecd304
Dropping message (0,ReceivedResponse()) to dead client play-fork-run-ae687795-4e78-4eca-bdf2-10d0b8ecd304
